{"/home/travis/build/npmtest/node-npmtest-seaport/test.js":{"path":"/home/travis/build/npmtest/node-npmtest-seaport/test.js","s":{"1":2,"2":2,"3":2,"4":2,"5":2,"6":2,"7":2,"8":1,"9":2,"10":2,"11":1,"12":1,"13":1,"14":1,"15":2,"16":2,"17":2,"18":2,"19":1,"20":1,"21":2,"22":2,"23":2,"24":1,"25":1,"26":1,"27":1,"28":1,"29":1,"30":1,"31":1,"32":1,"33":1,"34":1,"35":1,"36":1,"37":1,"38":1,"39":2,"40":2,"41":1,"42":2,"43":2,"44":1,"45":2,"46":2,"47":1,"48":2,"49":2,"50":1,"51":1,"52":1,"53":1,"54":1},"b":{"1":[2,1,1,1],"2":[1,1,1,1],"3":[1,1],"4":[1,1],"5":[1,1],"6":[1,1],"7":[1,1],"8":[1,1],"9":[1,1],"10":[1,1,1],"11":[1,1],"12":[1,1],"13":[1,1],"14":[1,1],"15":[1,1],"16":[1,1],"17":[1,1]},"f":{"1":2,"2":2,"3":2,"4":2,"5":2,"6":1,"7":1,"8":1,"9":2,"10":2,"11":2,"12":2,"13":1},"fnMap":{"1":{"name":"(anonymous_1)","line":12,"loc":{"start":{"line":12,"column":1},"end":{"line":12,"column":13}}},"2":{"name":"(anonymous_2)","line":19,"loc":{"start":{"line":19,"column":5},"end":{"line":19,"column":17}}},"3":{"name":"(anonymous_3)","line":23,"loc":{"start":{"line":23,"column":24},"end":{"line":23,"column":36}}},"4":{"name":"(anonymous_4)","line":61,"loc":{"start":{"line":61,"column":5},"end":{"line":61,"column":17}}},"5":{"name":"(anonymous_5)","line":82,"loc":{"start":{"line":82,"column":5},"end":{"line":82,"column":17}}},"6":{"name":"(anonymous_6)","line":91,"loc":{"start":{"line":91,"column":77},"end":{"line":94,"column":10}}},"7":{"name":"(anonymous_7)","line":112,"loc":{"start":{"line":112,"column":83},"end":{"line":115,"column":10}},"skip":true},"8":{"name":"(anonymous_8)","line":123,"loc":{"start":{"line":123,"column":77},"end":{"line":126,"column":10}},"skip":true},"9":{"name":"(anonymous_9)","line":139,"loc":{"start":{"line":139,"column":12},"end":{"line":139,"column":40}},"skip":true},"10":{"name":"(anonymous_10)","line":147,"loc":{"start":{"line":147,"column":77},"end":{"line":150,"column":10}},"skip":true},"11":{"name":"(anonymous_11)","line":158,"loc":{"start":{"line":158,"column":83},"end":{"line":161,"column":10}},"skip":true},"12":{"name":"(anonymous_12)","line":169,"loc":{"start":{"line":169,"column":79},"end":{"line":172,"column":10}},"skip":true},"13":{"name":"(anonymous_13)","line":180,"loc":{"start":{"line":180,"column":75},"end":{"line":183,"column":10}},"skip":true}},"statementMap":{"1":{"start":{"line":12,"column":0},"end":{"line":195,"column":5}},"2":{"start":{"line":14,"column":4},"end":{"line":14,"column":14}},"3":{"start":{"line":19,"column":4},"end":{"line":56,"column":9}},"4":{"start":{"line":21,"column":8},"end":{"line":21,"column":19}},"5":{"start":{"line":23,"column":8},"end":{"line":35,"column":13}},"6":{"start":{"line":24,"column":12},"end":{"line":34,"column":13}},"7":{"start":{"line":25,"column":16},"end":{"line":28,"column":30}},"8":{"start":{"line":30,"column":16},"end":{"line":33,"column":27}},"9":{"start":{"line":37,"column":8},"end":{"line":39,"column":21}},"10":{"start":{"line":40,"column":8},"end":{"line":53,"column":9}},"11":{"start":{"line":43,"column":12},"end":{"line":46,"column":14}},"12":{"start":{"line":47,"column":12},"end":{"line":47,"column":18}},"13":{"start":{"line":50,"column":12},"end":{"line":51,"column":46}},"14":{"start":{"line":52,"column":12},"end":{"line":52,"column":18}},"15":{"start":{"line":55,"column":8},"end":{"line":55,"column":35}},"16":{"start":{"line":61,"column":4},"end":{"line":63,"column":9}},"17":{"start":{"line":62,"column":8},"end":{"line":62,"column":15}},"18":{"start":{"line":64,"column":4},"end":{"line":77,"column":5}},"19":{"start":{"line":70,"column":8},"end":{"line":70,"column":14}},"20":{"start":{"line":76,"column":8},"end":{"line":76,"column":14}},"21":{"start":{"line":82,"column":4},"end":{"line":84,"column":9}},"22":{"start":{"line":83,"column":8},"end":{"line":83,"column":15}},"23":{"start":{"line":85,"column":4},"end":{"line":194,"column":5}},"24":{"start":{"line":91,"column":8},"end":{"line":99,"column":10}},"25":{"start":{"line":98,"column":12},"end":{"line":98,"column":35}},"26":{"start":{"line":102,"column":8},"end":{"line":104,"column":63}},"27":{"start":{"line":105,"column":8},"end":{"line":105,"column":14}},"28":{"start":{"line":112,"column":8},"end":{"line":121,"column":10},"skip":true},"29":{"start":{"line":119,"column":12},"end":{"line":119,"column":55},"skip":true},"30":{"start":{"line":120,"column":12},"end":{"line":120,"column":48},"skip":true},"31":{"start":{"line":123,"column":8},"end":{"line":136,"column":10},"skip":true},"32":{"start":{"line":130,"column":12},"end":{"line":130,"column":76},"skip":true},"33":{"start":{"line":131,"column":12},"end":{"line":131,"column":73},"skip":true},"34":{"start":{"line":132,"column":12},"end":{"line":132,"column":74},"skip":true},"35":{"start":{"line":133,"column":12},"end":{"line":133,"column":79},"skip":true},"36":{"start":{"line":134,"column":12},"end":{"line":134,"column":25},"skip":true},"37":{"start":{"line":135,"column":12},"end":{"line":135,"column":45},"skip":true},"38":{"start":{"line":138,"column":8},"end":{"line":145,"column":14},"skip":true},"39":{"start":{"line":143,"column":16},"end":{"line":143,"column":29},"skip":true},"40":{"start":{"line":144,"column":16},"end":{"line":144,"column":55},"skip":true},"41":{"start":{"line":147,"column":8},"end":{"line":156,"column":10},"skip":true},"42":{"start":{"line":154,"column":12},"end":{"line":154,"column":25},"skip":true},"43":{"start":{"line":155,"column":12},"end":{"line":155,"column":45},"skip":true},"44":{"start":{"line":158,"column":8},"end":{"line":167,"column":10},"skip":true},"45":{"start":{"line":165,"column":12},"end":{"line":165,"column":25},"skip":true},"46":{"start":{"line":166,"column":12},"end":{"line":166,"column":48},"skip":true},"47":{"start":{"line":169,"column":8},"end":{"line":178,"column":10},"skip":true},"48":{"start":{"line":176,"column":12},"end":{"line":176,"column":25},"skip":true},"49":{"start":{"line":177,"column":12},"end":{"line":177,"column":46},"skip":true},"50":{"start":{"line":180,"column":8},"end":{"line":189,"column":10},"skip":true},"51":{"start":{"line":187,"column":12},"end":{"line":187,"column":94},"skip":true},"52":{"start":{"line":188,"column":12},"end":{"line":188,"column":48},"skip":true},"53":{"start":{"line":192,"column":8},"end":{"line":192,"column":35},"skip":true},"54":{"start":{"line":193,"column":8},"end":{"line":193,"column":14},"skip":true}},"branchMap":{"1":{"line":25,"type":"binary-expr","locations":[{"start":{"line":25,"column":23},"end":{"line":25,"column":62}},{"start":{"line":26,"column":20},"end":{"line":26,"column":70}},{"start":{"line":27,"column":20},"end":{"line":27,"column":71}},{"start":{"line":28,"column":20},"end":{"line":28,"column":29}}]},"2":{"line":30,"type":"binary-expr","locations":[{"start":{"line":30,"column":23},"end":{"line":30,"column":37}},{"start":{"line":31,"column":20},"end":{"line":31,"column":61}},{"start":{"line":32,"column":20},"end":{"line":32,"column":70}},{"start":{"line":33,"column":20},"end":{"line":33,"column":26}}]},"3":{"line":37,"type":"cond-expr","locations":[{"start":{"line":38,"column":14},"end":{"line":38,"column":20}},{"start":{"line":39,"column":14},"end":{"line":39,"column":20}}]},"4":{"line":40,"type":"switch","locations":[{"start":{"line":42,"column":8},"end":{"line":47,"column":18}},{"start":{"line":49,"column":8},"end":{"line":52,"column":18}}]},"5":{"line":44,"type":"binary-expr","locations":[{"start":{"line":44,"column":16},"end":{"line":44,"column":44}},{"start":{"line":44,"column":48},"end":{"line":44,"column":66}}]},"6":{"line":50,"type":"binary-expr","locations":[{"start":{"line":50,"column":21},"end":{"line":50,"column":49}},{"start":{"line":50,"column":53},"end":{"line":50,"column":72}}]},"7":{"line":64,"type":"switch","locations":[{"start":{"line":69,"column":4},"end":{"line":70,"column":14}},{"start":{"line":75,"column":4},"end":{"line":76,"column":14}}]},"8":{"line":85,"type":"switch","locations":[{"start":{"line":90,"column":4},"end":{"line":105,"column":14}},{"start":{"line":111,"column":4},"end":{"line":193,"column":14},"skip":true}]},"9":{"line":91,"type":"binary-expr","locations":[{"start":{"line":91,"column":42},"end":{"line":91,"column":73}},{"start":{"line":91,"column":77},"end":{"line":99,"column":9}}]},"10":{"line":102,"type":"binary-expr","locations":[{"start":{"line":102,"column":18},"end":{"line":102,"column":32}},{"start":{"line":103,"column":12},"end":{"line":103,"column":53}},{"start":{"line":104,"column":12},"end":{"line":104,"column":61}}]},"11":{"line":112,"type":"binary-expr","locations":[{"start":{"line":112,"column":45},"end":{"line":112,"column":79},"skip":true},{"start":{"line":112,"column":83},"end":{"line":121,"column":9},"skip":true}]},"12":{"line":123,"type":"binary-expr","locations":[{"start":{"line":123,"column":42},"end":{"line":123,"column":73},"skip":true},{"start":{"line":123,"column":77},"end":{"line":136,"column":9},"skip":true}]},"13":{"line":138,"type":"binary-expr","locations":[{"start":{"line":138,"column":48},"end":{"line":138,"column":85},"skip":true},{"start":{"line":139,"column":12},"end":{"line":145,"column":13},"skip":true}]},"14":{"line":147,"type":"binary-expr","locations":[{"start":{"line":147,"column":42},"end":{"line":147,"column":73},"skip":true},{"start":{"line":147,"column":77},"end":{"line":156,"column":9},"skip":true}]},"15":{"line":158,"type":"binary-expr","locations":[{"start":{"line":158,"column":45},"end":{"line":158,"column":79},"skip":true},{"start":{"line":158,"column":83},"end":{"line":167,"column":9},"skip":true}]},"16":{"line":169,"type":"binary-expr","locations":[{"start":{"line":169,"column":43},"end":{"line":169,"column":75},"skip":true},{"start":{"line":169,"column":79},"end":{"line":178,"column":9},"skip":true}]},"17":{"line":180,"type":"binary-expr","locations":[{"start":{"line":180,"column":41},"end":{"line":180,"column":71},"skip":true},{"start":{"line":180,"column":75},"end":{"line":189,"column":9},"skip":true}]}},"code":["/* istanbul instrument in package npmtest_seaport */","/*jslint","    bitwise: true,","    browser: true,","    maxerr: 8,","    maxlen: 96,","    node: true,","    nomen: true,","    regexp: true,","    stupid: true","*/","(function () {","    'use strict';","    var local;","","","","    // run shared js-env code - pre-init","    (function () {","        // init local","        local = {};","        // init modeJs","        local.modeJs = (function () {","            try {","                return typeof navigator.userAgent === 'string' &&","                    typeof document.querySelector('body') === 'object' &&","                    typeof XMLHttpRequest.prototype.open === 'function' &&","                    'browser';","            } catch (errorCaughtBrowser) {","                return module.exports &&","                    typeof process.versions.node === 'string' &&","                    typeof require('http').createServer === 'function' &&","                    'node';","            }","        }());","        // init global","        local.global = local.modeJs === 'browser'","            ? window","            : global;","        switch (local.modeJs) {","        // re-init local from window.local","        case 'browser':","            local = local.global.utility2.objectSetDefault(","                local.global.utility2_rollup || local.global.local,","                local.global.utility2","            );","            break;","        // re-init local from example.js","        case 'node':","            local = (local.global.utility2_rollup || require('utility2'))","                .requireExampleJsFromReadme();","            break;","        }","        // export local","        local.global.local = local;","    }());","","","","    // run shared js-env code - function","    (function () {","        return;","    }());","    switch (local.modeJs) {","","","","    // run browser js-env code - function","    case 'browser':","        break;","","","","    // run node js-env code - function","    case 'node':","        break;","    }","","","","    // run shared js-env code - post-init","    (function () {","        return;","    }());","    switch (local.modeJs) {","","","","    // run browser js-env code - post-init","    case 'browser':","        local.testCase_browser_nullCase = local.testCase_browser_nullCase || function (","            options,","            onError","        ) {","        /*","         * this function will test browsers's null-case handling-behavior-behavior","         */","            onError(null, options);","        };","","        // run tests","        local.nop(local.modeTest &&","            document.querySelector('#testRunButton1') &&","            document.querySelector('#testRunButton1').click());","        break;","","","","    // run node js-env code - post-init","    /* istanbul ignore next */","    case 'node':","        local.testCase_buildApidoc_default = local.testCase_buildApidoc_default || function (","            options,","            onError","        ) {","        /*","         * this function will test buildApidoc's default handling-behavior-behavior","         */","            options = { modulePathList: module.paths };","            local.buildApidoc(options, onError);","        };","","        local.testCase_buildApp_default = local.testCase_buildApp_default || function (","            options,","            onError","        ) {","        /*","         * this function will test buildApp's default handling-behavior-behavior","         */","            local.testCase_buildReadme_default(options, local.onErrorThrow);","            local.testCase_buildLib_default(options, local.onErrorThrow);","            local.testCase_buildTest_default(options, local.onErrorThrow);","            local.testCase_buildCustomOrg_default(options, local.onErrorThrow);","            options = [];","            local.buildApp(options, onError);","        };","","        local.testCase_buildCustomOrg_default = local.testCase_buildCustomOrg_default ||","            function (options, onError) {","            /*","             * this function will test buildCustomOrg's default handling-behavior","             */","                options = {};","                local.buildCustomOrg(options, onError);","            };","","        local.testCase_buildLib_default = local.testCase_buildLib_default || function (","            options,","            onError","        ) {","        /*","         * this function will test buildLib's default handling-behavior","         */","            options = {};","            local.buildLib(options, onError);","        };","","        local.testCase_buildReadme_default = local.testCase_buildReadme_default || function (","            options,","            onError","        ) {","        /*","         * this function will test buildReadme's default handling-behavior-behavior","         */","            options = {};","            local.buildReadme(options, onError);","        };","","        local.testCase_buildTest_default = local.testCase_buildTest_default || function (","            options,","            onError","        ) {","        /*","         * this function will test buildTest's default handling-behavior","         */","            options = {};","            local.buildTest(options, onError);","        };","","        local.testCase_webpage_default = local.testCase_webpage_default || function (","            options,","            onError","        ) {","        /*","         * this function will test webpage's default handling-behavior","         */","            options = { modeCoverageMerge: true, url: local.serverLocalHost + '?modeTest=1' };","            local.browserTest(options, onError);","        };","","        // run test-server","        local.testRunServer(local);","        break;","    }","}());",""],"l":{"12":2,"14":2,"19":2,"21":2,"23":2,"24":2,"25":2,"30":1,"37":2,"40":2,"43":1,"47":1,"50":1,"52":1,"55":2,"61":2,"62":2,"64":2,"70":1,"76":1,"82":2,"83":2,"85":2,"91":1,"98":1,"102":1,"105":1,"112":1,"119":1,"120":1,"123":1,"130":1,"131":1,"132":1,"133":1,"134":1,"135":1,"138":1,"143":2,"144":2,"147":1,"154":2,"155":2,"158":1,"165":2,"166":2,"169":1,"176":2,"177":2,"180":1,"187":1,"188":1,"192":1,"193":1}},"/home/travis/build/npmtest/node-npmtest-seaport/lib.npmtest_seaport.js":{"path":"/home/travis/build/npmtest/node-npmtest-seaport/lib.npmtest_seaport.js","s":{"1":2,"2":2,"3":2,"4":2,"5":2,"6":2,"7":2,"8":1,"9":2,"10":2,"11":2,"12":2,"13":1,"14":1,"15":1,"16":1},"b":{"1":[2,1,1,1],"2":[1,1,1,1],"3":[1,1],"4":[2,2],"5":[1,1]},"f":{"1":2,"2":2,"3":2},"fnMap":{"1":{"name":"(anonymous_1)","line":12,"loc":{"start":{"line":12,"column":1},"end":{"line":12,"column":13}}},"2":{"name":"(anonymous_2)","line":19,"loc":{"start":{"line":19,"column":5},"end":{"line":19,"column":17}}},"3":{"name":"(anonymous_3)","line":23,"loc":{"start":{"line":23,"column":24},"end":{"line":23,"column":36}}}},"statementMap":{"1":{"start":{"line":12,"column":0},"end":{"line":53,"column":5}},"2":{"start":{"line":14,"column":4},"end":{"line":14,"column":14}},"3":{"start":{"line":19,"column":4},"end":{"line":52,"column":9}},"4":{"start":{"line":21,"column":8},"end":{"line":21,"column":19}},"5":{"start":{"line":23,"column":8},"end":{"line":35,"column":13}},"6":{"start":{"line":24,"column":12},"end":{"line":34,"column":13}},"7":{"start":{"line":25,"column":16},"end":{"line":28,"column":30}},"8":{"start":{"line":30,"column":16},"end":{"line":33,"column":27}},"9":{"start":{"line":37,"column":8},"end":{"line":39,"column":21}},"10":{"start":{"line":41,"column":8},"end":{"line":41,"column":54}},"11":{"start":{"line":43,"column":8},"end":{"line":43,"column":52}},"12":{"start":{"line":45,"column":8},"end":{"line":51,"column":9}},"13":{"start":{"line":46,"column":12},"end":{"line":46,"column":58}},"14":{"start":{"line":48,"column":12},"end":{"line":48,"column":35}},"15":{"start":{"line":49,"column":12},"end":{"line":49,"column":49}},"16":{"start":{"line":50,"column":12},"end":{"line":50,"column":43}}},"branchMap":{"1":{"line":25,"type":"binary-expr","locations":[{"start":{"line":25,"column":23},"end":{"line":25,"column":62}},{"start":{"line":26,"column":20},"end":{"line":26,"column":70}},{"start":{"line":27,"column":20},"end":{"line":27,"column":71}},{"start":{"line":28,"column":20},"end":{"line":28,"column":29}}]},"2":{"line":30,"type":"binary-expr","locations":[{"start":{"line":30,"column":23},"end":{"line":30,"column":37}},{"start":{"line":31,"column":20},"end":{"line":31,"column":61}},{"start":{"line":32,"column":20},"end":{"line":32,"column":70}},{"start":{"line":33,"column":20},"end":{"line":33,"column":26}}]},"3":{"line":37,"type":"cond-expr","locations":[{"start":{"line":38,"column":14},"end":{"line":38,"column":20}},{"start":{"line":39,"column":14},"end":{"line":39,"column":20}}]},"4":{"line":41,"type":"binary-expr","locations":[{"start":{"line":41,"column":16},"end":{"line":41,"column":44}},{"start":{"line":41,"column":48},"end":{"line":41,"column":53}}]},"5":{"line":45,"type":"if","locations":[{"start":{"line":45,"column":8},"end":{"line":45,"column":8}},{"start":{"line":45,"column":8},"end":{"line":45,"column":8}}]}},"code":["/* istanbul instrument in package npmtest_seaport */","/*jslint","    bitwise: true,","    browser: true,","    maxerr: 8,","    maxlen: 96,","    node: true,","    nomen: true,","    regexp: true,","    stupid: true","*/","(function () {","    'use strict';","    var local;","","","","    // run shared js-env code - pre-init","    (function () {","        // init local","        local = {};","        // init modeJs","        local.modeJs = (function () {","            try {","                return typeof navigator.userAgent === 'string' &&","                    typeof document.querySelector('body') === 'object' &&","                    typeof XMLHttpRequest.prototype.open === 'function' &&","                    'browser';","            } catch (errorCaughtBrowser) {","                return module.exports &&","                    typeof process.versions.node === 'string' &&","                    typeof require('http').createServer === 'function' &&","                    'node';","            }","        }());","        // init global","        local.global = local.modeJs === 'browser'","            ? window","            : global;","        // init utility2_rollup","        local = local.global.utility2_rollup || local;","        // init lib","        local.local = local.npmtest_seaport = local;","        // init exports","        if (local.modeJs === 'browser') {","            local.global.utility2_npmtest_seaport = local;","        } else {","            module.exports = local;","            module.exports.__dirname = __dirname;","            module.exports.module = module;","        }","    }());","}());",""],"l":{"12":2,"14":2,"19":2,"21":2,"23":2,"24":2,"25":2,"30":1,"37":2,"41":2,"43":2,"45":2,"46":1,"48":1,"49":1,"50":1}},"/home/travis/build/npmtest/node-npmtest-seaport/example.js":{"path":"/home/travis/build/npmtest/node-npmtest-seaport/example.js","s":{"1":2,"2":2,"3":2,"4":2,"5":2,"6":2,"7":2,"8":1,"9":2,"10":2,"11":2,"12":2,"13":1,"14":2,"15":2,"16":2,"17":2,"18":2,"19":0,"20":2,"21":1,"22":1,"23":1,"24":1,"25":1,"26":0,"27":0,"28":1,"29":1,"30":2,"31":0,"32":0,"33":0,"34":1,"35":2,"36":2,"37":3,"38":3,"39":3,"40":3,"41":0,"42":3,"43":3,"44":3,"45":1,"46":3,"47":1,"48":1,"49":1,"50":1,"51":1,"52":1,"53":1,"54":1,"55":1,"56":1,"57":0,"58":1,"59":6,"60":6,"61":1,"62":2,"63":0,"64":2,"65":1,"66":1,"67":0,"68":0,"69":0,"70":0,"71":0,"72":0,"73":0,"74":0,"75":0,"76":0,"77":0,"78":0,"79":0,"80":0,"81":0,"82":0,"83":0},"b":{"1":[2,1,1,1],"2":[1,1,1,1],"3":[1,1],"4":[2,2],"5":[1,1],"6":[1,1],"7":[2,0],"8":[2,1,1,1,1,1],"9":[0,2,0],"10":[1,1],"11":[2,1,1],"12":[1,0],"13":[0,2],"14":[2,0,0,0,0,0,0],"15":[0,3],"16":[3,0],"17":[1,1],"18":[0,1],"19":[1,2,0,2],"20":[1,0],"21":[1,1],"22":[0,0],"23":[0,0],"24":[0,0],"25":[0,0],"26":[0,0],"27":[0,0],"28":[0,0]},"f":{"1":2,"2":2,"3":2,"4":2,"5":2,"6":2,"7":3,"8":3,"9":3,"10":1,"11":6,"12":0},"fnMap":{"1":{"name":"(anonymous_1)","line":26,"loc":{"start":{"line":26,"column":1},"end":{"line":26,"column":13}}},"2":{"name":"(anonymous_2)","line":33,"loc":{"start":{"line":33,"column":5},"end":{"line":33,"column":17}}},"3":{"name":"(anonymous_3)","line":37,"loc":{"start":{"line":37,"column":24},"end":{"line":37,"column":36}}},"4":{"name":"(anonymous_4)","line":69,"loc":{"start":{"line":69,"column":31},"end":{"line":69,"column":48}},"skip":true},"5":{"name":"(anonymous_5)","line":78,"loc":{"start":{"line":78,"column":26},"end":{"line":78,"column":45}},"skip":true},"6":{"name":"(anonymous_6)","line":123,"loc":{"start":{"line":123,"column":33},"end":{"line":123,"column":48}},"skip":true},"7":{"name":"(anonymous_7)","line":125,"loc":{"start":{"line":125,"column":27},"end":{"line":125,"column":39}},"skip":true},"8":{"name":"(anonymous_8)","line":133,"loc":{"start":{"line":133,"column":59},"end":{"line":133,"column":74}},"skip":true},"9":{"name":"(anonymous_9)","line":143,"loc":{"start":{"line":143,"column":45},"end":{"line":143,"column":62}},"skip":true},"10":{"name":"(anonymous_10)","line":144,"loc":{"start":{"line":144,"column":73},"end":{"line":144,"column":92}},"skip":true},"11":{"name":"(anonymous_11)","line":272,"loc":{"start":{"line":272,"column":51},"end":{"line":272,"column":77}},"skip":true},"12":{"name":"(anonymous_12)","line":315,"loc":{"start":{"line":315,"column":32},"end":{"line":315,"column":61}},"skip":true}},"statementMap":{"1":{"start":{"line":26,"column":0},"end":{"line":326,"column":5}},"2":{"start":{"line":28,"column":4},"end":{"line":28,"column":14}},"3":{"start":{"line":33,"column":4},"end":{"line":60,"column":9}},"4":{"start":{"line":35,"column":8},"end":{"line":35,"column":19}},"5":{"start":{"line":37,"column":8},"end":{"line":49,"column":13}},"6":{"start":{"line":38,"column":12},"end":{"line":48,"column":13}},"7":{"start":{"line":39,"column":16},"end":{"line":42,"column":30}},"8":{"start":{"line":44,"column":16},"end":{"line":47,"column":27}},"9":{"start":{"line":51,"column":8},"end":{"line":53,"column":21}},"10":{"start":{"line":55,"column":8},"end":{"line":57,"column":45}},"11":{"start":{"line":59,"column":8},"end":{"line":59,"column":35}},"12":{"start":{"line":61,"column":4},"end":{"line":325,"column":5}},"13":{"start":{"line":69,"column":8},"end":{"line":121,"column":10},"skip":true},"14":{"start":{"line":70,"column":12},"end":{"line":88,"column":13},"skip":true},"15":{"start":{"line":76,"column":16},"end":{"line":87,"column":19},"skip":true},"16":{"start":{"line":79,"column":20},"end":{"line":86,"column":21},"skip":true},"17":{"start":{"line":82,"column":24},"end":{"line":82,"column":43},"skip":true},"18":{"start":{"line":83,"column":24},"end":{"line":83,"column":30},"skip":true},"19":{"start":{"line":85,"column":24},"end":{"line":85,"column":49},"skip":true},"20":{"start":{"line":89,"column":12},"end":{"line":107,"column":13},"skip":true},"21":{"start":{"line":92,"column":16},"end":{"line":102,"column":17},"skip":true},"22":{"start":{"line":93,"column":20},"end":{"line":93,"column":86},"skip":true},"23":{"start":{"line":94,"column":20},"end":{"line":95,"column":45},"skip":true},"24":{"start":{"line":96,"column":20},"end":{"line":96,"column":42},"skip":true},"25":{"start":{"line":97,"column":20},"end":{"line":97,"column":48},"skip":true},"26":{"start":{"line":100,"column":20},"end":{"line":100,"column":85},"skip":true},"27":{"start":{"line":101,"column":20},"end":{"line":101,"column":96},"skip":true},"28":{"start":{"line":103,"column":16},"end":{"line":103,"column":22},"skip":true},"29":{"start":{"line":106,"column":16},"end":{"line":106,"column":22},"skip":true},"30":{"start":{"line":108,"column":12},"end":{"line":120,"column":13},"skip":true},"31":{"start":{"line":114,"column":16},"end":{"line":119,"column":17},"skip":true},"32":{"start":{"line":116,"column":20},"end":{"line":116,"column":78},"skip":true},"33":{"start":{"line":118,"column":20},"end":{"line":118,"column":47},"skip":true},"34":{"start":{"line":123,"column":8},"end":{"line":141,"column":11},"skip":true},"35":{"start":{"line":124,"column":12},"end":{"line":124,"column":54},"skip":true},"36":{"start":{"line":125,"column":12},"end":{"line":140,"column":14},"skip":true},"37":{"start":{"line":126,"column":16},"end":{"line":126,"column":28},"skip":true},"38":{"start":{"line":127,"column":16},"end":{"line":127,"column":69},"skip":true},"39":{"start":{"line":128,"column":16},"end":{"line":128,"column":75},"skip":true},"40":{"start":{"line":129,"column":16},"end":{"line":131,"column":17},"skip":true},"41":{"start":{"line":130,"column":20},"end":{"line":130,"column":27},"skip":true},"42":{"start":{"line":133,"column":16},"end":{"line":137,"column":36},"skip":true},"43":{"start":{"line":134,"column":20},"end":{"line":136,"column":55},"skip":true},"44":{"start":{"line":139,"column":16},"end":{"line":139,"column":57},"skip":true},"45":{"start":{"line":143,"column":8},"end":{"line":147,"column":11},"skip":true},"46":{"start":{"line":144,"column":12},"end":{"line":146,"column":15},"skip":true},"47":{"start":{"line":145,"column":16},"end":{"line":145,"column":70},"skip":true},"48":{"start":{"line":149,"column":8},"end":{"line":149,"column":31},"skip":true},"49":{"start":{"line":150,"column":8},"end":{"line":150,"column":14},"skip":true},"50":{"start":{"line":158,"column":8},"end":{"line":158,"column":31},"skip":true},"51":{"start":{"line":160,"column":8},"end":{"line":160,"column":33},"skip":true},"52":{"start":{"line":161,"column":8},"end":{"line":161,"column":37},"skip":true},"53":{"start":{"line":162,"column":8},"end":{"line":162,"column":35},"skip":true},"54":{"start":{"line":164,"column":8},"end":{"line":164,"column":50},"skip":true},"55":{"start":{"line":166,"column":8},"end":{"line":256,"column":2},"skip":true},"56":{"start":{"line":258,"column":8},"end":{"line":286,"column":9},"skip":true},"57":{"start":{"line":259,"column":12},"end":{"line":269,"column":14},"skip":true},"58":{"start":{"line":271,"column":12},"end":{"line":285,"column":19},"skip":true},"59":{"start":{"line":274,"column":20},"end":{"line":274,"column":35},"skip":true},"60":{"start":{"line":275,"column":20},"end":{"line":284,"column":21},"skip":true},"61":{"start":{"line":277,"column":24},"end":{"line":277,"column":64},"skip":true},"62":{"start":{"line":279,"column":24},"end":{"line":279,"column":40},"skip":true},"63":{"start":{"line":281,"column":24},"end":{"line":281,"column":40},"skip":true},"64":{"start":{"line":283,"column":24},"end":{"line":283,"column":39},"skip":true},"65":{"start":{"line":288,"column":8},"end":{"line":290,"column":9},"skip":true},"66":{"start":{"line":289,"column":12},"end":{"line":289,"column":18},"skip":true},"67":{"start":{"line":291,"column":8},"end":{"line":293,"column":54},"skip":true},"68":{"start":{"line":296,"column":8},"end":{"line":301,"column":37},"skip":true},"69":{"start":{"line":303,"column":8},"end":{"line":303,"column":82},"skip":true},"70":{"start":{"line":306,"column":8},"end":{"line":308,"column":9},"skip":true},"71":{"start":{"line":307,"column":12},"end":{"line":307,"column":82},"skip":true},"72":{"start":{"line":310,"column":8},"end":{"line":312,"column":9},"skip":true},"73":{"start":{"line":311,"column":12},"end":{"line":311,"column":18},"skip":true},"74":{"start":{"line":313,"column":8},"end":{"line":313,"column":54},"skip":true},"75":{"start":{"line":314,"column":8},"end":{"line":314,"column":69},"skip":true},"76":{"start":{"line":315,"column":8},"end":{"line":323,"column":36},"skip":true},"77":{"start":{"line":316,"column":12},"end":{"line":316,"column":61},"skip":true},"78":{"start":{"line":317,"column":12},"end":{"line":320,"column":13},"skip":true},"79":{"start":{"line":318,"column":16},"end":{"line":318,"column":75},"skip":true},"80":{"start":{"line":319,"column":16},"end":{"line":319,"column":23},"skip":true},"81":{"start":{"line":321,"column":12},"end":{"line":321,"column":38},"skip":true},"82":{"start":{"line":322,"column":12},"end":{"line":322,"column":27},"skip":true},"83":{"start":{"line":324,"column":8},"end":{"line":324,"column":14},"skip":true}},"branchMap":{"1":{"line":39,"type":"binary-expr","locations":[{"start":{"line":39,"column":23},"end":{"line":39,"column":62}},{"start":{"line":40,"column":20},"end":{"line":40,"column":70}},{"start":{"line":41,"column":20},"end":{"line":41,"column":71}},{"start":{"line":42,"column":20},"end":{"line":42,"column":29}}]},"2":{"line":44,"type":"binary-expr","locations":[{"start":{"line":44,"column":23},"end":{"line":44,"column":37}},{"start":{"line":45,"column":20},"end":{"line":45,"column":61}},{"start":{"line":46,"column":20},"end":{"line":46,"column":70}},{"start":{"line":47,"column":20},"end":{"line":47,"column":26}}]},"3":{"line":51,"type":"cond-expr","locations":[{"start":{"line":52,"column":14},"end":{"line":52,"column":20}},{"start":{"line":53,"column":14},"end":{"line":53,"column":20}}]},"4":{"line":55,"type":"binary-expr","locations":[{"start":{"line":55,"column":16},"end":{"line":55,"column":44}},{"start":{"line":55,"column":49},"end":{"line":57,"column":43}}]},"5":{"line":55,"type":"cond-expr","locations":[{"start":{"line":56,"column":14},"end":{"line":56,"column":51}},{"start":{"line":57,"column":14},"end":{"line":57,"column":43}}]},"6":{"line":61,"type":"switch","locations":[{"start":{"line":68,"column":4},"end":{"line":150,"column":14},"skip":true},{"start":{"line":156,"column":4},"end":{"line":324,"column":14},"skip":true}]},"7":{"line":70,"type":"if","locations":[{"start":{"line":70,"column":12},"end":{"line":70,"column":12},"skip":true},{"start":{"line":70,"column":12},"end":{"line":70,"column":12},"skip":true}]},"8":{"line":70,"type":"binary-expr","locations":[{"start":{"line":70,"column":16},"end":{"line":70,"column":22},"skip":true},{"start":{"line":70,"column":27},"end":{"line":70,"column":32},"skip":true},{"start":{"line":71,"column":20},"end":{"line":71,"column":39},"skip":true},{"start":{"line":72,"column":20},"end":{"line":72,"column":49},"skip":true},{"start":{"line":73,"column":20},"end":{"line":73,"column":58},"skip":true},{"start":{"line":74,"column":20},"end":{"line":74,"column":69},"skip":true}]},"9":{"line":79,"type":"switch","locations":[{"start":{"line":80,"column":20},"end":{"line":80,"column":33},"skip":true},{"start":{"line":81,"column":20},"end":{"line":83,"column":30},"skip":true},{"start":{"line":84,"column":20},"end":{"line":85,"column":49},"skip":true}]},"10":{"line":89,"type":"switch","locations":[{"start":{"line":90,"column":12},"end":{"line":103,"column":22},"skip":true},{"start":{"line":105,"column":12},"end":{"line":106,"column":22},"skip":true}]},"11":{"line":89,"type":"binary-expr","locations":[{"start":{"line":89,"column":20},"end":{"line":89,"column":25},"skip":true},{"start":{"line":89,"column":29},"end":{"line":89,"column":48},"skip":true},{"start":{"line":89,"column":52},"end":{"line":89,"column":74},"skip":true}]},"12":{"line":92,"type":"if","locations":[{"start":{"line":92,"column":16},"end":{"line":92,"column":16},"skip":true},{"start":{"line":92,"column":16},"end":{"line":92,"column":16},"skip":true}]},"13":{"line":108,"type":"if","locations":[{"start":{"line":108,"column":12},"end":{"line":108,"column":12},"skip":true},{"start":{"line":108,"column":12},"end":{"line":108,"column":12},"skip":true}]},"14":{"line":108,"type":"binary-expr","locations":[{"start":{"line":108,"column":16},"end":{"line":108,"column":61},"skip":true},{"start":{"line":108,"column":66},"end":{"line":108,"column":72},"skip":true},{"start":{"line":108,"column":77},"end":{"line":108,"column":82},"skip":true},{"start":{"line":109,"column":20},"end":{"line":109,"column":39},"skip":true},{"start":{"line":110,"column":20},"end":{"line":110,"column":49},"skip":true},{"start":{"line":111,"column":20},"end":{"line":111,"column":58},"skip":true},{"start":{"line":112,"column":20},"end":{"line":112,"column":68},"skip":true}]},"15":{"line":129,"type":"if","locations":[{"start":{"line":129,"column":16},"end":{"line":129,"column":16},"skip":true},{"start":{"line":129,"column":16},"end":{"line":129,"column":16},"skip":true}]},"16":{"line":134,"type":"cond-expr","locations":[{"start":{"line":135,"column":26},"end":{"line":135,"column":29},"skip":true},{"start":{"line":136,"column":26},"end":{"line":136,"column":54},"skip":true}]},"17":{"line":164,"type":"binary-expr","locations":[{"start":{"line":164,"column":27},"end":{"line":164,"column":43},"skip":true},{"start":{"line":164,"column":47},"end":{"line":164,"column":49},"skip":true}]},"18":{"line":258,"type":"if","locations":[{"start":{"line":258,"column":8},"end":{"line":258,"column":8},"skip":true},{"start":{"line":258,"column":8},"end":{"line":258,"column":8},"skip":true}]},"19":{"line":275,"type":"switch","locations":[{"start":{"line":276,"column":20},"end":{"line":277,"column":64},"skip":true},{"start":{"line":278,"column":20},"end":{"line":279,"column":40},"skip":true},{"start":{"line":280,"column":20},"end":{"line":281,"column":40},"skip":true},{"start":{"line":282,"column":20},"end":{"line":283,"column":39},"skip":true}]},"20":{"line":288,"type":"if","locations":[{"start":{"line":288,"column":8},"end":{"line":288,"column":8},"skip":true},{"start":{"line":288,"column":8},"end":{"line":288,"column":8},"skip":true}]},"21":{"line":288,"type":"binary-expr","locations":[{"start":{"line":288,"column":12},"end":{"line":288,"column":40},"skip":true},{"start":{"line":288,"column":44},"end":{"line":288,"column":67},"skip":true}]},"22":{"line":292,"type":"binary-expr","locations":[{"start":{"line":292,"column":12},"end":{"line":292,"column":50},"skip":true},{"start":{"line":293,"column":12},"end":{"line":293,"column":53},"skip":true}]},"23":{"line":297,"type":"binary-expr","locations":[{"start":{"line":297,"column":12},"end":{"line":297,"column":65},"skip":true},{"start":{"line":298,"column":12},"end":{"line":301,"column":36},"skip":true}]},"24":{"line":303,"type":"binary-expr","locations":[{"start":{"line":303,"column":43},"end":{"line":303,"column":75},"skip":true},{"start":{"line":303,"column":79},"end":{"line":303,"column":81},"skip":true}]},"25":{"line":306,"type":"if","locations":[{"start":{"line":306,"column":8},"end":{"line":306,"column":8},"skip":true},{"start":{"line":306,"column":8},"end":{"line":306,"column":8},"skip":true}]},"26":{"line":310,"type":"if","locations":[{"start":{"line":310,"column":8},"end":{"line":310,"column":8},"skip":true},{"start":{"line":310,"column":8},"end":{"line":310,"column":8},"skip":true}]},"27":{"line":313,"type":"binary-expr","locations":[{"start":{"line":313,"column":27},"end":{"line":313,"column":43},"skip":true},{"start":{"line":313,"column":47},"end":{"line":313,"column":53},"skip":true}]},"28":{"line":317,"type":"if","locations":[{"start":{"line":317,"column":12},"end":{"line":317,"column":12},"skip":true},{"start":{"line":317,"column":12},"end":{"line":317,"column":12},"skip":true}]}},"code":["/*","example.js","","quickstart example","","instruction","    1. save this script as example.js","    2. run the shell command:","        $ npm install npmtest-seaport && PORT=8081 node example.js","    3. play with the browser-demo on http://127.0.0.1:8081","*/","","","","/* istanbul instrument in package npmtest_seaport */","/*jslint","    bitwise: true,","    browser: true,","    maxerr: 8,","    maxlen: 96,","    node: true,","    nomen: true,","    regexp: true,","    stupid: true","*/","(function () {","    'use strict';","    var local;","","","","    // run shared js-env code - pre-init","    (function () {","        // init local","        local = {};","        // init modeJs","        local.modeJs = (function () {","            try {","                return typeof navigator.userAgent === 'string' &&","                    typeof document.querySelector('body') === 'object' &&","                    typeof XMLHttpRequest.prototype.open === 'function' &&","                    'browser';","            } catch (errorCaughtBrowser) {","                return module.exports &&","                    typeof process.versions.node === 'string' &&","                    typeof require('http').createServer === 'function' &&","                    'node';","            }","        }());","        // init global","        local.global = local.modeJs === 'browser'","            ? window","            : global;","        // init utility2_rollup","        local = local.global.utility2_rollup || (local.modeJs === 'browser'","            ? local.global.utility2_npmtest_seaport","            : global.utility2_moduleExports);","        // export local","        local.global.local = local;","    }());","    switch (local.modeJs) {","","","","    // post-init","    // run browser js-env code - post-init","    /* istanbul ignore next */","    case 'browser':","        local.testRunBrowser = function (event) {","            if (!event || (event &&","                    event.currentTarget &&","                    event.currentTarget.className &&","                    event.currentTarget.className.includes &&","                    event.currentTarget.className.includes('onreset'))) {","                // reset output","                Array.from(","                    document.querySelectorAll('body > .resettable')","                ).forEach(function (element) {","                    switch (element.tagName) {","                    case 'INPUT':","                    case 'TEXTAREA':","                        element.value = '';","                        break;","                    default:","                        element.textContent = '';","                    }","                });","            }","            switch (event && event.currentTarget && event.currentTarget.id) {","            case 'testRunButton1':","                // show tests","                if (document.querySelector('#testReportDiv1').style.display === 'none') {","                    document.querySelector('#testReportDiv1').style.display = 'block';","                    document.querySelector('#testRunButton1').textContent =","                        'hide internal test';","                    local.modeTest = true;","                    local.testRunDefault(local);","                // hide tests","                } else {","                    document.querySelector('#testReportDiv1').style.display = 'none';","                    document.querySelector('#testRunButton1').textContent = 'run internal test';","                }","                break;","            // custom-case","            default:","                break;","            }","            if (document.querySelector('#inputTextareaEval1') && (!event || (event &&","                    event.currentTarget &&","                    event.currentTarget.className &&","                    event.currentTarget.className.includes &&","                    event.currentTarget.className.includes('oneval')))) {","                // try to eval input-code","                try {","                    /*jslint evil: true*/","                    eval(document.querySelector('#inputTextareaEval1').value);","                } catch (errorCaught) {","                    console.error(errorCaught);","                }","            }","        };","        // log stderr and stdout to #outputTextareaStdout1","        ['error', 'log'].forEach(function (key) {","            console[key + '_original'] = console[key];","            console[key] = function () {","                var element;","                console[key + '_original'].apply(console, arguments);","                element = document.querySelector('#outputTextareaStdout1');","                if (!element) {","                    return;","                }","                // append text to #outputTextareaStdout1","                element.value += Array.from(arguments).map(function (arg) {","                    return typeof arg === 'string'","                        ? arg","                        : JSON.stringify(arg, null, 4);","                }).join(' ') + '\\n';","                // scroll textarea to bottom","                element.scrollTop = element.scrollHeight;","            };","        });","        // init event-handling","        ['change', 'click', 'keyup'].forEach(function (event) {","            Array.from(document.querySelectorAll('.on' + event)).forEach(function (element) {","                element.addEventListener(event, local.testRunBrowser);","            });","        });","        // run tests","        local.testRunBrowser();","        break;","","","","    // run node js-env code - post-init","    /* istanbul ignore next */","    case 'node':","        // export local","        module.exports = local;","        // require modules","        local.fs = require('fs');","        local.http = require('http');","        local.url = require('url');","        // init assets","        local.assetsDict = local.assetsDict || {};","        /* jslint-ignore-begin */","        local.assetsDict['/assets.index.template.html'] = '\\","<!doctype html>\\n\\","<html lang=\"en\">\\n\\","<head>\\n\\","<meta charset=\"UTF-8\">\\n\\","<meta name=\"viewport\" content=\"width=device-width, initial-scale=1\">\\n\\","<title>{{env.npm_package_name}} (v{{env.npm_package_version}})</title>\\n\\","<style>\\n\\","/*csslint\\n\\","    box-sizing: false,\\n\\","    universal-selector: false\\n\\","*/\\n\\","* {\\n\\","    box-sizing: border-box;\\n\\","}\\n\\","body {\\n\\","    background: #dde;\\n\\","    font-family: Arial, Helvetica, sans-serif;\\n\\","    margin: 2rem;\\n\\","}\\n\\","body > * {\\n\\","    margin-bottom: 1rem;\\n\\","}\\n\\",".utility2FooterDiv {\\n\\","    margin-top: 20px;\\n\\","    text-align: center;\\n\\","}\\n\\","</style>\\n\\","<style>\\n\\","/*csslint\\n\\","*/\\n\\","textarea {\\n\\","    font-family: monospace;\\n\\","    height: 10rem;\\n\\","    width: 100%;\\n\\","}\\n\\","textarea[readonly] {\\n\\","    background: #ddd;\\n\\","}\\n\\","</style>\\n\\","</head>\\n\\","<body>\\n\\","<!-- utility2-comment\\n\\","<div id=\"ajaxProgressDiv1\" style=\"background: #d00; height: 2px; left: 0; margin: 0; padding: 0; position: fixed; top: 0; transition: background 0.5s, width 1.5s; width: 25%;\"></div>\\n\\","utility2-comment -->\\n\\","<h1>\\n\\","<!-- utility2-comment\\n\\","    <a\\n\\","        {{#if env.npm_package_homepage}}\\n\\","        href=\"{{env.npm_package_homepage}}\"\\n\\","        {{/if env.npm_package_homepage}}\\n\\","        target=\"_blank\"\\n\\","    >\\n\\","utility2-comment -->\\n\\","        {{env.npm_package_name}} (v{{env.npm_package_version}})\\n\\","<!-- utility2-comment\\n\\","    </a>\\n\\","utility2-comment -->\\n\\","</h1>\\n\\","<h3>{{env.npm_package_description}}</h3>\\n\\","<!-- utility2-comment\\n\\","<h4><a download href=\"assets.app.js\">download standalone app</a></h4>\\n\\","<button class=\"onclick onreset\" id=\"testRunButton1\">run internal test</button><br>\\n\\","<div id=\"testReportDiv1\" style=\"display: none;\"></div>\\n\\","utility2-comment -->\\n\\","\\n\\","\\n\\","\\n\\","<label>stderr and stdout</label>\\n\\","<textarea class=\"resettable\" id=\"outputTextareaStdout1\" readonly></textarea>\\n\\","<!-- utility2-comment\\n\\","{{#if isRollup}}\\n\\","<script src=\"assets.app.js\"></script>\\n\\","{{#unless isRollup}}\\n\\","utility2-comment -->\\n\\","<script src=\"assets.utility2.rollup.js\"></script>\\n\\","<script src=\"jsonp.utility2._stateInit?callback=window.utility2._stateInit\"></script>\\n\\","<script src=\"assets.npmtest_seaport.rollup.js\"></script>\\n\\","<script src=\"assets.example.js\"></script>\\n\\","<script src=\"assets.test.js\"></script>\\n\\","<!-- utility2-comment\\n\\","{{/if isRollup}}\\n\\","utility2-comment -->\\n\\","<div class=\"utility2FooterDiv\">\\n\\","    [ this app was created with\\n\\","    <a href=\"https://github.com/kaizhu256/node-utility2\" target=\"_blank\">utility2</a>\\n\\","    ]\\n\\","</div>\\n\\","</body>\\n\\","</html>\\n\\","';","        /* jslint-ignore-end */","        if (local.templateRender) {","            local.assetsDict['/'] = local.templateRender(","                local.assetsDict['/assets.index.template.html'],","                {","                    env: local.objectSetDefault(local.env, {","                        npm_package_description: 'the greatest app in the world!',","                        npm_package_name: 'my-app',","                        npm_package_nameAlias: 'my_app',","                        npm_package_version: '0.0.1'","                    })","                }","            );","        } else {","            local.assetsDict['/'] = local.assetsDict['/assets.index.template.html']","                .replace((/\\{\\{env\\.(\\w+?)\\}\\}/g), function (match0, match1) {","                    // jslint-hack","                    String(match0);","                    switch (match1) {","                    case 'npm_package_description':","                        return 'the greatest app in the world!';","                    case 'npm_package_name':","                        return 'my-app';","                    case 'npm_package_nameAlias':","                        return 'my_app';","                    case 'npm_package_version':","                        return '0.0.1';","                    }","                });","        }","        // run the cli","        if (local.global.utility2_rollup || module !== require.main) {","            break;","        }","        local.assetsDict['/assets.example.js'] =","            local.assetsDict['/assets.example.js'] ||","            local.fs.readFileSync(__filename, 'utf8');","        // bug-workaround - long $npm_package_buildCustomOrg","        /* jslint-ignore-begin */","        local.assetsDict['/assets.npmtest_seaport.rollup.js'] =","            local.assetsDict['/assets.npmtest_seaport.rollup.js'] ||","            local.fs.readFileSync(","                local.npmtest_seaport.__dirname + '/lib.npmtest_seaport.js',","                'utf8'","            ).replace((/^#!/), '//');","        /* jslint-ignore-end */","        local.assetsDict['/favicon.ico'] = local.assetsDict['/favicon.ico'] || '';","        // if $npm_config_timeout_exit exists,","        // then exit this process after $npm_config_timeout_exit ms","        if (Number(process.env.npm_config_timeout_exit)) {","            setTimeout(process.exit, Number(process.env.npm_config_timeout_exit));","        }","        // start server","        if (local.global.utility2_serverHttp1) {","            break;","        }","        process.env.PORT = process.env.PORT || '8081';","        console.error('server starting on port ' + process.env.PORT);","        local.http.createServer(function (request, response) {","            request.urlParsed = local.url.parse(request.url);","            if (local.assetsDict[request.urlParsed.pathname] !== undefined) {","                response.end(local.assetsDict[request.urlParsed.pathname]);","                return;","            }","            response.statusCode = 404;","            response.end();","        }).listen(process.env.PORT);","        break;","    }","}());",""],"l":{"26":2,"28":2,"33":2,"35":2,"37":2,"38":2,"39":2,"44":1,"51":2,"55":2,"59":2,"61":2,"69":1,"70":2,"76":2,"79":2,"82":2,"83":2,"85":1,"89":2,"92":1,"93":1,"94":1,"96":1,"97":1,"100":1,"101":1,"103":1,"106":1,"108":2,"114":1,"116":1,"118":1,"123":1,"124":2,"125":2,"126":3,"127":3,"128":3,"129":3,"130":1,"133":3,"134":3,"139":3,"143":1,"144":3,"145":1,"149":1,"150":1,"158":1,"160":1,"161":1,"162":1,"164":1,"166":1,"258":1,"259":1,"271":1,"274":6,"275":6,"277":1,"279":2,"281":1,"283":2,"288":1,"289":1,"291":1,"296":1,"303":1,"306":1,"307":1,"310":1,"311":1,"313":1,"314":1,"315":1,"316":1,"317":1,"318":1,"319":1,"321":1,"322":1,"324":1}},"/home/travis/build/npmtest/node-npmtest-seaport/node_modules/seaport/index.js":{"path":"/home/travis/build/npmtest/node-npmtest-seaport/node_modules/seaport/index.js","s":{"1":1,"2":1,"3":1,"4":1,"5":1,"6":0,"7":1,"8":1,"9":1,"10":0,"11":0,"12":0,"13":0,"14":0,"15":0,"16":0,"17":0,"18":0,"19":0,"20":0,"21":0,"22":0,"23":0,"24":0,"25":0,"26":0,"27":0,"28":0,"29":0,"30":0,"31":0,"32":0,"33":0,"34":0,"35":0,"36":0,"37":0,"38":0,"39":0,"40":0,"41":0,"42":0,"43":0,"44":0,"45":0,"46":1,"47":0,"48":0,"49":0,"50":0,"51":0,"52":0,"53":0,"54":0,"55":0,"56":0,"57":0,"58":0,"59":0,"60":0,"61":0,"62":0,"63":1,"64":0,"65":0,"66":0,"67":0,"68":0,"69":0,"70":0,"71":0,"72":0,"73":0,"74":0,"75":0,"76":0,"77":0,"78":0,"79":0,"80":0,"81":0,"82":0,"83":0,"84":0,"85":0,"86":0,"87":0,"88":0,"89":0},"b":{"1":[0,0],"2":[0,0],"3":[0,0],"4":[0,0],"5":[0,0],"6":[0,0],"7":[0,0],"8":[0,0],"9":[0,0],"10":[0,0],"11":[0,0],"12":[0,0],"13":[0,0],"14":[0,0],"15":[0,0],"16":[0,0],"17":[0,0],"18":[0,0],"19":[0,0]},"f":{"1":0,"2":1,"3":0,"4":0,"5":0,"6":0,"7":0,"8":0,"9":0,"10":0,"11":0,"12":0},"fnMap":{"1":{"name":"(anonymous_1)","line":6,"loc":{"start":{"line":6,"column":27},"end":{"line":6,"column":39}}},"2":{"name":"(anonymous_2)","line":10,"loc":{"start":{"line":10,"column":29},"end":{"line":10,"column":44}}},"3":{"name":"(anonymous_3)","line":14,"loc":{"start":{"line":14,"column":18},"end":{"line":14,"column":30}}},"4":{"name":"reconnect","line":42,"loc":{"start":{"line":42,"column":13},"end":{"line":42,"column":35}}},"5":{"name":"onend","line":64,"loc":{"start":{"line":64,"column":8},"end":{"line":64,"column":26}}},"6":{"name":"(anonymous_6)","line":74,"loc":{"start":{"line":74,"column":18},"end":{"line":74,"column":30}}},"7":{"name":"(anonymous_7)","line":84,"loc":{"start":{"line":84,"column":23},"end":{"line":84,"column":39}}},"8":{"name":"(anonymous_8)","line":89,"loc":{"start":{"line":89,"column":32},"end":{"line":89,"column":45}}},"9":{"name":"(anonymous_9)","line":90,"loc":{"start":{"line":90,"column":22},"end":{"line":90,"column":39}}},"10":{"name":"(anonymous_10)","line":98,"loc":{"start":{"line":98,"column":13},"end":{"line":98,"column":25}}},"11":{"name":"(anonymous_11)","line":101,"loc":{"start":{"line":101,"column":32},"end":{"line":101,"column":44}}},"12":{"name":"(anonymous_12)","line":117,"loc":{"start":{"line":117,"column":18},"end":{"line":117,"column":30}}}},"statementMap":{"1":{"start":{"line":1,"column":0},"end":{"line":1,"column":25}},"2":{"start":{"line":2,"column":0},"end":{"line":2,"column":39}},"3":{"start":{"line":3,"column":0},"end":{"line":3,"column":48}},"4":{"start":{"line":4,"column":0},"end":{"line":4,"column":75}},"5":{"start":{"line":6,"column":0},"end":{"line":8,"column":2}},"6":{"start":{"line":7,"column":4},"end":{"line":7,"column":42}},"7":{"start":{"line":10,"column":0},"end":{"line":12,"column":3}},"8":{"start":{"line":11,"column":4},"end":{"line":11,"column":32}},"9":{"start":{"line":14,"column":0},"end":{"line":82,"column":2}},"10":{"start":{"line":15,"column":4},"end":{"line":15,"column":40}},"11":{"start":{"line":16,"column":4},"end":{"line":16,"column":18}},"12":{"start":{"line":17,"column":4},"end":{"line":23,"column":5}},"13":{"start":{"line":18,"column":8},"end":{"line":22,"column":9}},"14":{"start":{"line":19,"column":12},"end":{"line":19,"column":27}},"15":{"start":{"line":20,"column":12},"end":{"line":20,"column":30}},"16":{"start":{"line":21,"column":12},"end":{"line":21,"column":18}},"17":{"start":{"line":24,"column":4},"end":{"line":24,"column":36}},"18":{"start":{"line":25,"column":4},"end":{"line":25,"column":36}},"19":{"start":{"line":27,"column":4},"end":{"line":30,"column":5}},"20":{"start":{"line":28,"column":8},"end":{"line":28,"column":23}},"21":{"start":{"line":29,"column":8},"end":{"line":29,"column":23}},"22":{"start":{"line":31,"column":4},"end":{"line":34,"column":5}},"23":{"start":{"line":32,"column":8},"end":{"line":32,"column":34}},"24":{"start":{"line":33,"column":8},"end":{"line":33,"column":34}},"25":{"start":{"line":35,"column":4},"end":{"line":37,"column":5}},"26":{"start":{"line":36,"column":8},"end":{"line":36,"column":28}},"27":{"start":{"line":39,"column":4},"end":{"line":39,"column":26}},"28":{"start":{"line":40,"column":4},"end":{"line":40,"column":18}},"29":{"start":{"line":42,"column":4},"end":{"line":72,"column":9}},"30":{"start":{"line":43,"column":8},"end":{"line":43,"column":29}},"31":{"start":{"line":43,"column":22},"end":{"line":43,"column":29}},"32":{"start":{"line":45,"column":8},"end":{"line":45,"column":79}},"33":{"start":{"line":46,"column":8},"end":{"line":46,"column":58}},"34":{"start":{"line":46,"column":34},"end":{"line":46,"column":58}},"35":{"start":{"line":47,"column":8},"end":{"line":47,"column":71}},"36":{"start":{"line":48,"column":8},"end":{"line":48,"column":42}},"37":{"start":{"line":50,"column":8},"end":{"line":50,"column":26}},"38":{"start":{"line":52,"column":8},"end":{"line":52,"column":51}},"39":{"start":{"line":54,"column":8},"end":{"line":54,"column":27}},"40":{"start":{"line":55,"column":8},"end":{"line":55,"column":29}},"41":{"start":{"line":56,"column":8},"end":{"line":56,"column":29}},"42":{"start":{"line":58,"column":8},"end":{"line":58,"column":38}},"43":{"start":{"line":59,"column":8},"end":{"line":59,"column":36}},"44":{"start":{"line":61,"column":8},"end":{"line":61,"column":31}},"45":{"start":{"line":62,"column":8},"end":{"line":62,"column":17}},"46":{"start":{"line":64,"column":8},"end":{"line":71,"column":9}},"47":{"start":{"line":65,"column":12},"end":{"line":65,"column":33}},"48":{"start":{"line":65,"column":26},"end":{"line":65,"column":33}},"49":{"start":{"line":66,"column":12},"end":{"line":66,"column":32}},"50":{"start":{"line":66,"column":25},"end":{"line":66,"column":32}},"51":{"start":{"line":67,"column":12},"end":{"line":67,"column":27}},"52":{"start":{"line":68,"column":12},"end":{"line":68,"column":49}},"53":{"start":{"line":68,"column":32},"end":{"line":68,"column":49}},"54":{"start":{"line":69,"column":12},"end":{"line":69,"column":33}},"55":{"start":{"line":70,"column":12},"end":{"line":70,"column":40}},"56":{"start":{"line":74,"column":4},"end":{"line":79,"column":7}},"57":{"start":{"line":75,"column":8},"end":{"line":75,"column":23}},"58":{"start":{"line":75,"column":15},"end":{"line":75,"column":23}},"59":{"start":{"line":76,"column":8},"end":{"line":78,"column":9}},"60":{"start":{"line":77,"column":12},"end":{"line":77,"column":39}},"61":{"start":{"line":77,"column":27},"end":{"line":77,"column":39}},"62":{"start":{"line":81,"column":4},"end":{"line":81,"column":13}},"63":{"start":{"line":84,"column":0},"end":{"line":125,"column":2}},"64":{"start":{"line":85,"column":4},"end":{"line":85,"column":25}},"65":{"start":{"line":85,"column":15},"end":{"line":85,"column":25}},"66":{"start":{"line":86,"column":4},"end":{"line":86,"column":25}},"67":{"start":{"line":87,"column":4},"end":{"line":87,"column":26}},"68":{"start":{"line":89,"column":4},"end":{"line":94,"column":7}},"69":{"start":{"line":90,"column":8},"end":{"line":92,"column":11}},"70":{"start":{"line":91,"column":12},"end":{"line":91,"column":26}},"71":{"start":{"line":93,"column":8},"end":{"line":93,"column":56}},"72":{"start":{"line":95,"column":4},"end":{"line":95,"column":46}},"73":{"start":{"line":96,"column":4},"end":{"line":96,"column":48}},"74":{"start":{"line":98,"column":4},"end":{"line":115,"column":6}},"75":{"start":{"line":99,"column":8},"end":{"line":105,"column":9}},"76":{"start":{"line":100,"column":12},"end":{"line":100,"column":33}},"77":{"start":{"line":101,"column":12},"end":{"line":103,"column":15}},"78":{"start":{"line":102,"column":16},"end":{"line":102,"column":38}},"79":{"start":{"line":104,"column":12},"end":{"line":104,"column":19}},"80":{"start":{"line":106,"column":8},"end":{"line":106,"column":38}},"81":{"start":{"line":107,"column":8},"end":{"line":107,"column":55}},"82":{"start":{"line":108,"column":8},"end":{"line":108,"column":39}},"83":{"start":{"line":109,"column":8},"end":{"line":109,"column":51}},"84":{"start":{"line":111,"column":8},"end":{"line":114,"column":11}},"85":{"start":{"line":117,"column":4},"end":{"line":119,"column":7}},"86":{"start":{"line":118,"column":8},"end":{"line":118,"column":25}},"87":{"start":{"line":121,"column":4},"end":{"line":121,"column":58}},"88":{"start":{"line":122,"column":4},"end":{"line":122,"column":60}},"89":{"start":{"line":124,"column":4},"end":{"line":124,"column":13}}},"branchMap":{"1":{"line":18,"type":"if","locations":[{"start":{"line":18,"column":8},"end":{"line":18,"column":8}},{"start":{"line":18,"column":8},"end":{"line":18,"column":8}}]},"2":{"line":24,"type":"binary-expr","locations":[{"start":{"line":24,"column":15},"end":{"line":24,"column":22}},{"start":{"line":24,"column":26},"end":{"line":24,"column":35}}]},"3":{"line":25,"type":"binary-expr","locations":[{"start":{"line":25,"column":15},"end":{"line":25,"column":22}},{"start":{"line":25,"column":26},"end":{"line":25,"column":35}}]},"4":{"line":27,"type":"if","locations":[{"start":{"line":27,"column":4},"end":{"line":27,"column":4}},{"start":{"line":27,"column":4},"end":{"line":27,"column":4}}]},"5":{"line":27,"type":"binary-expr","locations":[{"start":{"line":27,"column":8},"end":{"line":27,"column":32}},{"start":{"line":27,"column":36},"end":{"line":27,"column":60}}]},"6":{"line":31,"type":"if","locations":[{"start":{"line":31,"column":4},"end":{"line":31,"column":4}},{"start":{"line":31,"column":4},"end":{"line":31,"column":4}}]},"7":{"line":31,"type":"binary-expr","locations":[{"start":{"line":31,"column":8},"end":{"line":31,"column":32}},{"start":{"line":31,"column":36},"end":{"line":31,"column":54}}]},"8":{"line":35,"type":"if","locations":[{"start":{"line":35,"column":4},"end":{"line":35,"column":4}},{"start":{"line":35,"column":4},"end":{"line":35,"column":4}}]},"9":{"line":35,"type":"binary-expr","locations":[{"start":{"line":35,"column":8},"end":{"line":35,"column":32}},{"start":{"line":35,"column":36},"end":{"line":35,"column":54}}]},"10":{"line":43,"type":"if","locations":[{"start":{"line":43,"column":8},"end":{"line":43,"column":8}},{"start":{"line":43,"column":8},"end":{"line":43,"column":8}}]},"11":{"line":46,"type":"if","locations":[{"start":{"line":46,"column":8},"end":{"line":46,"column":8}},{"start":{"line":46,"column":8},"end":{"line":46,"column":8}}]},"12":{"line":65,"type":"if","locations":[{"start":{"line":65,"column":12},"end":{"line":65,"column":12}},{"start":{"line":65,"column":12},"end":{"line":65,"column":12}}]},"13":{"line":66,"type":"if","locations":[{"start":{"line":66,"column":12},"end":{"line":66,"column":12}},{"start":{"line":66,"column":12},"end":{"line":66,"column":12}}]},"14":{"line":68,"type":"if","locations":[{"start":{"line":68,"column":12},"end":{"line":68,"column":12}},{"start":{"line":68,"column":12},"end":{"line":68,"column":12}}]},"15":{"line":75,"type":"if","locations":[{"start":{"line":75,"column":8},"end":{"line":75,"column":8}},{"start":{"line":75,"column":8},"end":{"line":75,"column":8}}]},"16":{"line":76,"type":"if","locations":[{"start":{"line":76,"column":8},"end":{"line":76,"column":8}},{"start":{"line":76,"column":8},"end":{"line":76,"column":8}}]},"17":{"line":77,"type":"if","locations":[{"start":{"line":77,"column":12},"end":{"line":77,"column":12}},{"start":{"line":77,"column":12},"end":{"line":77,"column":12}}]},"18":{"line":85,"type":"if","locations":[{"start":{"line":85,"column":4},"end":{"line":85,"column":4}},{"start":{"line":85,"column":4},"end":{"line":85,"column":4}}]},"19":{"line":99,"type":"if","locations":[{"start":{"line":99,"column":8},"end":{"line":99,"column":8}},{"start":{"line":99,"column":8},"end":{"line":99,"column":8}}]}},"code":["var net = require('net');","var seaport = require('./lib/seaport');","var version = require('./package.json').version;","var nodeVersion = process.version.replace(/^v/,'').replace(/\\.[^.]+$/, '');","","exports = module.exports = function () {","    return seaport.apply(this, arguments);","};","","Object.keys(seaport).forEach(function (key) {","    exports[key] = seaport[key];","});","","exports.connect = function () {","    var args = [].slice.call(arguments);","    var opts = {};","    for (var i = 0; i < args.length; i++) {","        if (typeof args[i] === 'object') {","            opts = args[i];","            args.splice(i, 1);","            break;","        }","    }","    var port = args[0] || opts.port;","    var host = args[1] || opts.host;","    ","    if (typeof port === 'string' && typeof host === 'number') {","        host = args[0];","        port = args[1];","    }","    if (typeof port === 'string' && /:\\d+$/.test(port)) {","        host = port.split(':')[0];","        port = port.split(':')[1];","    }","    if (typeof port === 'string' && /^\\d+$/.test(port)) {","        port = Number(port);","    }","    ","    var s = seaport(opts);","    var conIx = 0;","    ","    var c = (function reconnect () {","        if (s.closed) return;","        ","        var hubs = [ { port : port, host : host } ].concat(s.query('seaport'));","        if (hubs.length <= conIx) conIx = hubs.length - 1;","        c = net.connect.call(null, hubs[conIx].port, hubs[conIx].host);","        conIx = (conIx + 1) % hubs.length;","        ","        var active = true;","        ","        c.on('connect', s.emit.bind(s, 'connect'));","        ","        c.on('end', onend);","        c.on('error', onend);","        c.on('close', onend);","        ","        var stream = s.createStream();","        stream.on('timeout', onend);","        ","        c.pipe(stream).pipe(c);","        return c;","        ","        function onend () {","            if (s.closed) return;","            if (!active) return;","            active = false;","            if (stream.destroy) stream.destroy();","            s.emit('disconnect');","            setTimeout(reconnect, 1000);","        }","    })();","    ","    s.on('close', function () {","        if (c) c.end();","        if (nodeVersion !== '0.8') {","            if (c.destroy) c.destroy();","        }","    });","    ","    return s;","};","","exports.createServer = function (opts) {","    if (!opts) opts = {};","    opts.isServer = true;","    var s = seaport(opts);","    ","    s.server = net.createServer(function (c) {","        c.on('error', function (error) {","            c.emit('end');","        });","        c.pipe(s.createStream(c.remoteAddress)).pipe(c);","    });","    s.listen = s.server.listen.bind(s.server);","    s.address = s.server.address.bind(s.server);","    ","    s.peer = function () {","        if (!s.address()) {","            var args = arguments;","            s.once('listening', function () {","                s.peer.apply(s, args);","            });","            return;","        }","        var stream = s.createStream();","        var c = exports.connect.apply(this, arguments);","        s.on('close', c.close.bind(c));","        stream.pipe(c.createStream()).pipe(stream);","        ","        c.register({","            role : 'seaport@' + version,","            port : s.address().port","        });","    };","    ","    s.on('close', function () {","        s.server.close();","    });","","    s.server.on('listening', s.emit.bind(s, 'listening'));","    s.server.on('connection', s.emit.bind(s, 'connection'));","    ","    return s;","};",""],"l":{"1":1,"2":1,"3":1,"4":1,"6":1,"7":0,"10":1,"11":1,"14":1,"15":0,"16":0,"17":0,"18":0,"19":0,"20":0,"21":0,"24":0,"25":0,"27":0,"28":0,"29":0,"31":0,"32":0,"33":0,"35":0,"36":0,"39":0,"40":0,"42":0,"43":0,"45":0,"46":0,"47":0,"48":0,"50":0,"52":0,"54":0,"55":0,"56":0,"58":0,"59":0,"61":0,"62":0,"64":1,"65":0,"66":0,"67":0,"68":0,"69":0,"70":0,"74":0,"75":0,"76":0,"77":0,"81":0,"84":1,"85":0,"86":0,"87":0,"89":0,"90":0,"91":0,"93":0,"95":0,"96":0,"98":0,"99":0,"100":0,"101":0,"102":0,"104":0,"106":0,"107":0,"108":0,"109":0,"111":0,"117":0,"118":0,"121":0,"122":0,"124":0}},"/home/travis/build/npmtest/node-npmtest-seaport/node_modules/seaport/lib/seaport.js":{"path":"/home/travis/build/npmtest/node-npmtest-seaport/node_modules/seaport/lib/seaport.js","s":{"1":1,"2":1,"3":1,"4":1,"5":1,"6":1,"7":1,"8":1,"9":1,"10":1,"11":1,"12":1,"13":1,"14":0,"15":0,"16":0,"17":0,"18":0,"19":0,"20":0,"21":0,"22":0,"23":0,"24":0,"25":0,"26":0,"27":0,"28":0,"29":0,"30":1,"31":0,"32":0,"33":0,"34":0,"35":0,"36":0,"37":0,"38":0,"39":0,"40":0,"41":0,"42":0,"43":0,"44":0,"45":0,"46":0,"47":0,"48":0,"49":0,"50":0,"51":0,"52":0,"53":0,"54":0,"55":0,"56":0,"57":0,"58":0,"59":0,"60":0,"61":0,"62":0,"63":0,"64":0,"65":0,"66":0,"67":0,"68":0,"69":0,"70":0,"71":0,"72":0,"73":0,"74":0,"75":0,"76":0,"77":0,"78":0,"79":0,"80":0,"81":0,"82":0,"83":0,"84":0,"85":0,"86":0,"87":0,"88":0,"89":0,"90":0,"91":0,"92":0,"93":0,"94":0,"95":0,"96":0,"97":0,"98":0,"99":1,"100":0,"101":0,"102":0,"103":0,"104":0,"105":0,"106":0,"107":0,"108":0,"109":0,"110":0,"111":0,"112":0,"113":0,"114":0,"115":0,"116":0,"117":0,"118":0,"119":1,"120":0,"121":1,"122":0,"123":0,"124":0,"125":0,"126":0,"127":0,"128":0,"129":0,"130":0,"131":0,"132":0,"133":0,"134":0,"135":0,"136":0,"137":0,"138":1,"139":0,"140":0,"141":0,"142":0,"143":1,"144":0,"145":0,"146":0,"147":0,"148":0,"149":0,"150":0,"151":0,"152":0,"153":0,"154":0,"155":0,"156":0,"157":0,"158":0,"159":0,"160":0,"161":0,"162":0,"163":0,"164":0,"165":0,"166":0,"167":0,"168":0,"169":0,"170":0,"171":0,"172":0,"173":0,"174":1,"175":0,"176":0,"177":0,"178":0,"179":0,"180":0,"181":1,"182":0,"183":0,"184":0,"185":0,"186":0,"187":0,"188":1,"189":0,"190":0,"191":0,"192":0,"193":0,"194":0,"195":0,"196":0,"197":0,"198":1,"199":0,"200":0,"201":0,"202":0,"203":0,"204":0,"205":0,"206":0,"207":0,"208":0,"209":0,"210":0,"211":0,"212":0,"213":0,"214":0,"215":1,"216":0,"217":0,"218":0,"219":0,"220":0,"221":0,"222":0,"223":0,"224":1,"225":0,"226":0,"227":0,"228":1,"229":0,"230":0,"231":0,"232":0,"233":0,"234":1,"235":0,"236":0,"237":0,"238":0,"239":0,"240":0,"241":0,"242":0,"243":0,"244":0,"245":0,"246":0,"247":0,"248":1,"249":0},"b":{"1":[0,0],"2":[0,0],"3":[0,0],"4":[0,0],"5":[0,0],"6":[0,0],"7":[0,0],"8":[0,0],"9":[0,0],"10":[0,0],"11":[0,0],"12":[0,0],"13":[0,0],"14":[0,0],"15":[0,0],"16":[0,0],"17":[0,0],"18":[0,0],"19":[0,0],"20":[0,0],"21":[0,0],"22":[0,0],"23":[0,0],"24":[0,0],"25":[0,0],"26":[0,0],"27":[0,0],"28":[0,0],"29":[0,0],"30":[0,0],"31":[0,0],"32":[0,0],"33":[0,0],"34":[0,0],"35":[0,0],"36":[0,0],"37":[0,0],"38":[0,0],"39":[0,0],"40":[0,0],"41":[0,0],"42":[0,0],"43":[0,0],"44":[0,0],"45":[0,0],"46":[0,0],"47":[0,0],"48":[0,0],"49":[0,0],"50":[0,0]},"f":{"1":0,"2":0,"3":0,"4":0,"5":0,"6":0,"7":0,"8":0,"9":0,"10":0,"11":0,"12":0,"13":0,"14":0,"15":0,"16":0,"17":0,"18":0,"19":0,"20":0,"21":0,"22":0,"23":0,"24":0,"25":0,"26":0},"fnMap":{"1":{"name":"Seaport","line":16,"loc":{"start":{"line":16,"column":0},"end":{"line":16,"column":24}}},"2":{"name":"(anonymous_2)","line":37,"loc":{"start":{"line":37,"column":33},"end":{"line":37,"column":49}}},"3":{"name":"onregister","line":46,"loc":{"start":{"line":46,"column":21},"end":{"line":46,"column":52}}},"4":{"name":"(anonymous_4)","line":66,"loc":{"start":{"line":66,"column":20},"end":{"line":66,"column":32}}},"5":{"name":"(anonymous_5)","line":70,"loc":{"start":{"line":70,"column":17},"end":{"line":70,"column":31}}},"6":{"name":"(anonymous_6)","line":83,"loc":{"start":{"line":83,"column":19},"end":{"line":83,"column":31}}},"7":{"name":"(anonymous_7)","line":89,"loc":{"start":{"line":89,"column":21},"end":{"line":89,"column":37}}},"8":{"name":"(anonymous_8)","line":98,"loc":{"start":{"line":98,"column":29},"end":{"line":98,"column":42}}},"9":{"name":"(anonymous_9)","line":101,"loc":{"start":{"line":101,"column":30},"end":{"line":101,"column":44}}},"10":{"name":"(anonymous_10)","line":117,"loc":{"start":{"line":117,"column":20},"end":{"line":117,"column":32}}},"11":{"name":"onend","line":136,"loc":{"start":{"line":136,"column":4},"end":{"line":136,"column":22}}},"12":{"name":"(anonymous_12)","line":162,"loc":{"start":{"line":162,"column":29},"end":{"line":162,"column":41}}},"13":{"name":"(anonymous_13)","line":166,"loc":{"start":{"line":166,"column":33},"end":{"line":166,"column":55}}},"14":{"name":"(anonymous_14)","line":182,"loc":{"start":{"line":182,"column":29},"end":{"line":182,"column":45}}},"15":{"name":"register","line":191,"loc":{"start":{"line":191,"column":4},"end":{"line":191,"column":25}}},"16":{"name":"(anonymous_16)","line":200,"loc":{"start":{"line":200,"column":25},"end":{"line":200,"column":41}}},"17":{"name":"(anonymous_17)","line":243,"loc":{"start":{"line":243,"column":26},"end":{"line":243,"column":38}}},"18":{"name":"get","line":253,"loc":{"start":{"line":253,"column":24},"end":{"line":253,"column":48}}},"19":{"name":"(anonymous_19)","line":257,"loc":{"start":{"line":257,"column":26},"end":{"line":257,"column":38}}},"20":{"name":"(anonymous_20)","line":260,"loc":{"start":{"line":260,"column":24},"end":{"line":260,"column":44}}},"21":{"name":"(anonymous_21)","line":273,"loc":{"start":{"line":273,"column":26},"end":{"line":273,"column":42}}},"22":{"name":"matches","line":292,"loc":{"start":{"line":292,"column":4},"end":{"line":292,"column":27}}},"23":{"name":"(anonymous_23)","line":306,"loc":{"start":{"line":306,"column":34},"end":{"line":306,"column":48}}},"24":{"name":"registerServices","line":311,"loc":{"start":{"line":311,"column":0},"end":{"line":311,"column":40}}},"25":{"name":"fixMeta","line":320,"loc":{"start":{"line":320,"column":0},"end":{"line":320,"column":30}}},"26":{"name":"normalizeKey","line":339,"loc":{"start":{"line":339,"column":0},"end":{"line":339,"column":27}}}},"statementMap":{"1":{"start":{"line":1,"column":0},"end":{"line":1,"column":35}},"2":{"start":{"line":2,"column":0},"end":{"line":2,"column":50}},"3":{"start":{"line":3,"column":0},"end":{"line":3,"column":33}},"4":{"start":{"line":4,"column":0},"end":{"line":4,"column":40}},"5":{"start":{"line":5,"column":0},"end":{"line":5,"column":31}},"6":{"start":{"line":6,"column":0},"end":{"line":6,"column":33}},"7":{"start":{"line":7,"column":0},"end":{"line":7,"column":36}},"8":{"start":{"line":8,"column":0},"end":{"line":8,"column":29}},"9":{"start":{"line":10,"column":0},"end":{"line":10,"column":36}},"10":{"start":{"line":11,"column":0},"end":{"line":11,"column":40}},"11":{"start":{"line":13,"column":0},"end":{"line":13,"column":25}},"12":{"start":{"line":14,"column":0},"end":{"line":14,"column":32}},"13":{"start":{"line":16,"column":0},"end":{"line":34,"column":1}},"14":{"start":{"line":17,"column":4},"end":{"line":17,"column":20}},"15":{"start":{"line":18,"column":4},"end":{"line":18,"column":61}},"16":{"start":{"line":18,"column":36},"end":{"line":18,"column":61}},"17":{"start":{"line":19,"column":4},"end":{"line":19,"column":25}},"18":{"start":{"line":19,"column":15},"end":{"line":19,"column":25}},"19":{"start":{"line":20,"column":4},"end":{"line":20,"column":24}},"20":{"start":{"line":21,"column":4},"end":{"line":21,"column":23}},"21":{"start":{"line":22,"column":4},"end":{"line":22,"column":56}},"22":{"start":{"line":23,"column":4},"end":{"line":23,"column":61}},"23":{"start":{"line":24,"column":4},"end":{"line":24,"column":20}},"24":{"start":{"line":25,"column":4},"end":{"line":25,"column":20}},"25":{"start":{"line":27,"column":4},"end":{"line":33,"column":5}},"26":{"start":{"line":28,"column":8},"end":{"line":28,"column":66}},"27":{"start":{"line":29,"column":8},"end":{"line":29,"column":35}},"28":{"start":{"line":30,"column":8},"end":{"line":32,"column":9}},"29":{"start":{"line":31,"column":12},"end":{"line":31,"column":64}},"30":{"start":{"line":37,"column":0},"end":{"line":160,"column":2}},"31":{"start":{"line":38,"column":4},"end":{"line":38,"column":20}},"32":{"start":{"line":39,"column":4},"end":{"line":42,"column":7}},"33":{"start":{"line":43,"column":4},"end":{"line":43,"column":27}},"34":{"start":{"line":45,"column":4},"end":{"line":45,"column":23}},"35":{"start":{"line":46,"column":4},"end":{"line":65,"column":7}},"36":{"start":{"line":48,"column":8},"end":{"line":48,"column":62}},"37":{"start":{"line":48,"column":55},"end":{"line":48,"column":62}},"38":{"start":{"line":50,"column":8},"end":{"line":50,"column":47}},"39":{"start":{"line":50,"column":24},"end":{"line":50,"column":47}},"40":{"start":{"line":52,"column":8},"end":{"line":57,"column":9}},"41":{"start":{"line":53,"column":12},"end":{"line":53,"column":37}},"42":{"start":{"line":56,"column":12},"end":{"line":56,"column":34}},"43":{"start":{"line":59,"column":8},"end":{"line":63,"column":9}},"44":{"start":{"line":60,"column":12},"end":{"line":60,"column":38}},"45":{"start":{"line":61,"column":12},"end":{"line":61,"column":34}},"46":{"start":{"line":61,"column":25},"end":{"line":61,"column":34}},"47":{"start":{"line":62,"column":12},"end":{"line":62,"column":45}},"48":{"start":{"line":64,"column":8},"end":{"line":64,"column":40}},"49":{"start":{"line":66,"column":4},"end":{"line":69,"column":7}},"50":{"start":{"line":67,"column":8},"end":{"line":67,"column":16}},"51":{"start":{"line":68,"column":8},"end":{"line":68,"column":31}},"52":{"start":{"line":70,"column":4},"end":{"line":82,"column":7}},"53":{"start":{"line":71,"column":8},"end":{"line":71,"column":62}},"54":{"start":{"line":72,"column":8},"end":{"line":72,"column":27}},"55":{"start":{"line":73,"column":8},"end":{"line":73,"column":26}},"56":{"start":{"line":73,"column":19},"end":{"line":73,"column":26}},"57":{"start":{"line":75,"column":8},"end":{"line":78,"column":9}},"58":{"start":{"line":76,"column":12},"end":{"line":76,"column":38}},"59":{"start":{"line":77,"column":12},"end":{"line":77,"column":33}},"60":{"start":{"line":80,"column":8},"end":{"line":80,"column":23}},"61":{"start":{"line":81,"column":8},"end":{"line":81,"column":36}},"62":{"start":{"line":83,"column":4},"end":{"line":86,"column":7}},"63":{"start":{"line":84,"column":8},"end":{"line":84,"column":30}},"64":{"start":{"line":85,"column":8},"end":{"line":85,"column":36}},"65":{"start":{"line":88,"column":4},"end":{"line":93,"column":5}},"66":{"start":{"line":89,"column":8},"end":{"line":92,"column":11}},"67":{"start":{"line":90,"column":12},"end":{"line":90,"column":30}},"68":{"start":{"line":91,"column":12},"end":{"line":91,"column":39}},"69":{"start":{"line":95,"column":4},"end":{"line":95,"column":29}},"70":{"start":{"line":96,"column":4},"end":{"line":96,"column":15}},"71":{"start":{"line":97,"column":4},"end":{"line":114,"column":5}},"72":{"start":{"line":98,"column":8},"end":{"line":100,"column":11}},"73":{"start":{"line":99,"column":12},"end":{"line":99,"column":45}},"74":{"start":{"line":101,"column":8},"end":{"line":110,"column":11}},"75":{"start":{"line":102,"column":12},"end":{"line":109,"column":13}},"76":{"start":{"line":103,"column":16},"end":{"line":103,"column":28}},"77":{"start":{"line":104,"column":16},"end":{"line":104,"column":40}},"78":{"start":{"line":107,"column":16},"end":{"line":107,"column":28}},"79":{"start":{"line":108,"column":16},"end":{"line":108,"column":40}},"80":{"start":{"line":113,"column":8},"end":{"line":113,"column":34}},"81":{"start":{"line":115,"column":4},"end":{"line":115,"column":30}},"82":{"start":{"line":116,"column":4},"end":{"line":116,"column":30}},"83":{"start":{"line":117,"column":4},"end":{"line":127,"column":7}},"84":{"start":{"line":118,"column":8},"end":{"line":118,"column":20}},"85":{"start":{"line":119,"column":8},"end":{"line":119,"column":39}},"86":{"start":{"line":120,"column":8},"end":{"line":126,"column":9}},"87":{"start":{"line":121,"column":12},"end":{"line":121,"column":30}},"88":{"start":{"line":122,"column":12},"end":{"line":122,"column":39}},"89":{"start":{"line":123,"column":12},"end":{"line":123,"column":32}},"90":{"start":{"line":123,"column":23},"end":{"line":123,"column":32}},"91":{"start":{"line":124,"column":12},"end":{"line":124,"column":35}},"92":{"start":{"line":125,"column":12},"end":{"line":125,"column":41}},"93":{"start":{"line":129,"column":4},"end":{"line":129,"column":39}},"94":{"start":{"line":129,"column":14},"end":{"line":129,"column":39}},"95":{"start":{"line":131,"column":4},"end":{"line":131,"column":58}},"96":{"start":{"line":132,"column":4},"end":{"line":132,"column":32}},"97":{"start":{"line":133,"column":4},"end":{"line":133,"column":29}},"98":{"start":{"line":134,"column":4},"end":{"line":134,"column":18}},"99":{"start":{"line":136,"column":4},"end":{"line":159,"column":5}},"100":{"start":{"line":137,"column":8},"end":{"line":137,"column":29}},"101":{"start":{"line":137,"column":22},"end":{"line":137,"column":29}},"102":{"start":{"line":138,"column":8},"end":{"line":138,"column":24}},"103":{"start":{"line":139,"column":8},"end":{"line":139,"column":20}},"104":{"start":{"line":141,"column":8},"end":{"line":141,"column":44}},"105":{"start":{"line":142,"column":8},"end":{"line":142,"column":37}},"106":{"start":{"line":143,"column":8},"end":{"line":143,"column":39}},"107":{"start":{"line":144,"column":8},"end":{"line":158,"column":9}},"108":{"start":{"line":145,"column":12},"end":{"line":145,"column":30}},"109":{"start":{"line":146,"column":12},"end":{"line":146,"column":39}},"110":{"start":{"line":147,"column":12},"end":{"line":147,"column":32}},"111":{"start":{"line":147,"column":23},"end":{"line":147,"column":32}},"112":{"start":{"line":149,"column":12},"end":{"line":149,"column":35}},"113":{"start":{"line":151,"column":12},"end":{"line":155,"column":13}},"114":{"start":{"line":152,"column":16},"end":{"line":152,"column":42}},"115":{"start":{"line":153,"column":16},"end":{"line":153,"column":38}},"116":{"start":{"line":153,"column":29},"end":{"line":153,"column":38}},"117":{"start":{"line":154,"column":16},"end":{"line":154,"column":40}},"118":{"start":{"line":157,"column":12},"end":{"line":157,"column":41}},"119":{"start":{"line":162,"column":0},"end":{"line":164,"column":2}},"120":{"start":{"line":163,"column":4},"end":{"line":163,"column":57}},"121":{"start":{"line":166,"column":0},"end":{"
[...]
out', function () {","        onend();","        stream.emit('timeout');","    });","    p.on('free', function (id) {","        var obj = self.known[id] ? self.known : self.services;","        var meta = obj[id];","        if (!meta) return;","","        for (var i = 0; i < self.endpoints.length; i++) {","            var e = self.endpoints[i];","            e.send(['free', id]);","        }","","        delete obj[id];","        self.emit('free', meta, id);","    });","    p.on('synced', function () {","        stream.emit('synced');","        self.emit('synced', stream);","    });","    ","    if (!addr && !self._host) {","        p.on('helo', function (addr) {","            self._host = addr;","            self.emit('address', addr);","        });","    }","    ","    this.emit('endpoint', p);","    var stream;","    if (this.secure) {","        stream = this.secure(function (s) {","            s.pipe(p.createStream()).pipe(s);","        });","        stream.on('identify', function (id) {","            if (self._isAuthorized(id.key.public)) {","                id.accept();","                self.emit('accept', id);","            }","            else {","                id.reject();","                self.emit('reject', id);","            }","        });","    }","    else {","        stream = p.createStream();","    }","    stream.on('error', onend);","    stream.on('close', onend);","    p.once('close', function () {","        p.destroy();","        var keys = objectKeys(p.known);","        for (var i = 0; i < keys.length; i++) {","            var key = keys[i];","            var meta = self.known[key];","            if (!meta) continue;","            delete self.known[key];","            self.emit('free', meta, key);","        }","    });","    ","    if (addr) p.send([ 'helo', addr ]);","    ","    registerServices(merge(this.known, this.services), p);","    self.emit('stream', stream);","    self.emit('protocol', p);","    return stream;","    ","    function onend () {","        if (p._ended) return;","        p._ended = true;","        p.destroy();","        ","        var ix = indexOf(self.endpoints, p);","        self.endpoints.splice(ix, 1);","        var keys = objectKeys(p.known);","        for (var i = 0; i < keys.length; i++) {","            var key = keys[i];","            var meta = self.known[key];","            if (!meta) continue;","","            delete self.known[key];","            ","            for (var j = 0; j < self.endpoints.length; j++) {","                var e = self.endpoints[j];","                if (e === p) continue;","                e.send([ 'free', key ]);","            }","            ","            self.emit('free', meta, key);","        }","    }","};","","Seaport.prototype.register = function () {","    return this.registerMeta.apply(this, arguments).port;","};","","Seaport.prototype.registerMeta = function (meta, port) {","    var self = this;","    meta = fixMeta(meta, port);","    ","    if (!meta.port) {","        meta.port = 10000 + Math.floor(Math.random() * 55000);","    }","    var id = meta.id || generateId();","    meta.id = id;","    this.services[id] = meta;","    ","    if (!meta.host && this._host) {","        meta.host = this._host;","        register();","    }","    else if (!meta.host) {","        this.once('address', function (addr) {","            meta.host = addr;","            register();","        });","    }","    else register()","    ","    return meta;","    ","    function register () {","        var mserv = {};","        mserv[id] = meta;","        for (var i = 0; i < self.endpoints.length; i++) {","            registerServices(mserv, self.endpoints[i]);","        }","    }","};","","Seaport.prototype.free = function (meta) {","    var id;","    if (typeof meta === 'number') {","        meta = { port: meta };","    }","    if (typeof meta === 'object') {","        var keys = objectKeys(this.services).concat(objectKeys(this.known));","        var mkeys = objectKeys(meta);","        for (var i = 0; i < keys.length; i++) {","            var s = this.services[keys[i]] || this.known[keys[i]];","            for (var j = 0; j < mkeys.length; j++) {","                if (meta[mkeys[j]] !== s[mkeys[j]]) break;","            }","            if (j === mkeys.length) {","                id = keys[i];","                meta = this.services[id];","                break;","            }","        }","        if (i === keys.length) return;","    }","    else {","        id = meta;","        meta = this.services[id] || this.known[id];","    }","","    if (this.services[id]) {","        meta = this.services[id];","        delete this.services[id];","    } else if (this.known[id]) {","        meta = this.known[id];","        delete this.known[id];","    } else {","        return;","    }","    ","    for (var i = 0; i < this.endpoints.length; i++) {","        var e = this.endpoints[i];","        e.send([ 'free', id ]);","    }","    this.emit('free', meta, id);","};","","Seaport.prototype.close = function () {","    this.closed = true;","    for (var i = 0; i < this.endpoints.length; i++) {","        var e = this.endpoints[i];","        e.emit('close');","        e.end();","    }","    this.emit('close');","};","","Seaport.prototype.get = function get (meta, cb) {","    var self = this;","    var ps = this.query(meta);","    if (ps.length > 0) return cb(ps);","    this.once('register', function () { self.get(meta, cb) });","};","","Seaport.prototype.set = function (id, meta) {","    var records = this.services[id] ? this.services : this.known;","    if (!records[id]) return;","    ","    records[id] = meta;","    if (this.services[id]) return;","    ","    for (var i = 0; i < this.endpoints.length; i++) {","        var e = this.endpoints[i];","        e.send([ 'register', id, meta ]);","    }","};","","Seaport.prototype.query = function (meta) {","    meta = fixMeta(meta);","    var mkeys = objectKeys(meta);","    var skeys = objectKeys(this.services);","    var keys = objectKeys(this.known);","    ","    var rows = [];","    for (var i = 0; i < keys.length; i++) {","        var key = keys[i];","        var row = this.known[key];","        if (matches(row)) rows.push(row);","    }","    for (var i = 0; i < skeys.length; i++) {","        var key = skeys[i];","        var row = this.services[key];","        if (matches(row)) rows.push(row);","    }","    return rows;","    ","    function matches (row) {","        for (var i = 0; i < mkeys.length; i++) {","            var mkey = mkeys[i];","            if (mkey === 'version') {","                if (!semver.satisfies(row.version, meta.version)) {","                    return false;","                }","            }","            else if (row[mkey] !== meta[mkey]) return false;","        }","        return true;","    }","};","","Seaport.prototype._isAuthorized = function (id) {","    if (!this.authorized) return true;","    return indexOf(this.authorized, normalizeKey(id)) >= 0;","};","","function registerServices (services, p) {","    var keys = objectKeys(services);","    for (var i = 0; i < keys.length; i++) {","        var key = keys[i];","        p.send([ 'register', key, services[key] ]);","    }","    p.send([ 'synced' ]);","}","","function fixMeta (meta, port) {","    if (!meta) return {};","    if (typeof meta === 'string') {","        if (typeof port === 'object') {","            port.role = meta;","            meta = port;","        }","        else meta = { role: meta };","    }","    if (typeof port === 'number') {","        meta.port = port;","    }","    if (/@/.test(meta.role)) {","        meta.version = meta.role.split('@')[1];","        meta.role = meta.role.split('@')[0];","    }","    return meta;","}","","function normalizeKey (id) {","    return (typeof id === 'string' ? id : String(id))","        .replace(/^-----BEGIN \\w+ \\w+ KEY-----\\s*/, '')","        .replace(/^-----END \\w+ \\w+ KEY-----\\s*/, '')","        .replace(/\\s+/g, '')","    ;","}",""],"l":{"1":1,"2":1,"3":1,"4":1,"5":1,"6":1,"7":1,"8":1,"10":1,"11":1,"13":1,"14":1,"16":1,"17":0,"18":0,"19":0,"20":0,"21":0,"22":0,"23":0,"24":0,"25":0,"27":0,"28":0,"29":0,"30":0,"31":0,"37":1,"38":0,"39":0,"43":0,"45":0,"46":0,"48":0,"50":0,"52":0,"53":0,"56":0,"59":0,"60":0,"61":0,"62":0,"64":0,"66":0,"67":0,"68":0,"70":0,"71":0,"72":0,"73":0,"75":0,"76":0,"77":0,"80":0,"81":0,"83":0,"84":0,"85":0,"88":0,"89":0,"90":0,"91":0,"95":0,"96":0,"97":0,"98":0,"99":0,"101":0,"102":0,"103":0,"104":0,"107":0,"108":0,"113":0,"115":0,"116":0,"117":0,"118":0,"119":0,"120":0,"121":0,"122":0,"123":0,"124":0,"125":0,"129":0,"131":0,"132":0,"133":0,"134":0,"136":1,"137":0,"138":0,"139":0,"141":0,"142":0,"143":0,"144":0,"145":0,"146":0,"147":0,"149":0,"151":0,"152":0,"153":0,"154":0,"157":0,"162":1,"163":0,"166":1,"167":0,"168":0,"170":0,"171":0,"173":0,"174":0,"175":0,"177":0,"178":0,"179":0,"181":0,"182":0,"183":0,"184":0,"187":0,"189":0,"191":1,"192":0,"193":0,"194":0,"195":0,"200":1,"201":0,"202":0,"203":0,"205":0,"206":0,"207":0,"208":0,"209":0,"210":0,"211":0,"213":0,"214":0,"215":0,"216":0,"219":0,"222":0,"223":0,"226":0,"227":0,"228":0,"229":0,"230":0,"231":0,"233":0,"236":0,"237":0,"238":0,"240":0,"243":1,"244":0,"245":0,"246":0,"247":0,"248":0,"250":0,"253":1,"254":0,"255":0,"256":0,"257":0,"260":1,"261":0,"262":0,"264":0,"265":0,"267":0,"268":0,"269":0,"273":1,"274":0,"275":0,"276":0,"277":0,"279":0,"280":0,"281":0,"282":0,"283":0,"285":0,"286":0,"287":0,"288":0,"290":0,"292":1,"293":0,"294":0,"295":0,"296":0,"297":0,"300":0,"302":0,"306":1,"307":0,"308":0,"311":1,"312":0,"313":0,"314":0,"315":0,"317":0,"320":1,"321":0,"322":0,"323":0,"324":0,"325":0,"327":0,"329":0,"330":0,"332":0,"333":0,"334":0,"336":0,"339":1,"340":0}},"/home/travis/build/npmtest/node-npmtest-seaport/node_modules/seaport/lib/id.js":{"path":"/home/travis/build/npmtest/node-npmtest-seaport/node_modules/seaport/lib/id.js","s":{"1":1,"2":0,"3":0},"b":{},"f":{"1":0,"2":0},"fnMap":{"1":{"name":"(anonymous_1)","line":1,"loc":{"start":{"line":1,"column":17},"end":{"line":1,"column":29}}},"2":{"name":"(anonymous_2)","line":4,"loc":{"start":{"line":4,"column":23},"end":{"line":4,"column":35}}}},"statementMap":{"1":{"start":{"line":1,"column":0},"end":{"line":7,"column":2}},"2":{"start":{"line":4,"column":4},"end":{"line":6,"column":16}},"3":{"start":{"line":5,"column":8},"end":{"line":5,"column":69}}},"branchMap":{},"code":["module.exports = function () {","    // same as require('scuttlebutt/util').createId()","    ","    return [1,1,1].map(function () {","        return Math.random().toString(16).substring(2).toUpperCase();","    }).join('');","};",""],"l":{"1":1,"4":0,"5":0}},"/home/travis/build/npmtest/node-npmtest-seaport/node_modules/seaport/lib/protocol.js":{"path":"/home/travis/build/npmtest/node-npmtest-seaport/node_modules/seaport/lib/protocol.js","s":{"1":1,"2":1,"3":1,"4":1,"5":1,"6":1,"7":1,"8":1,"9":1,"10":0,"11":0,"12":0,"13":0,"14":0,"15":0,"16":0,"17":0,"18":0,"19":0,"20":0,"21":1,"22":0,"23":1,"24":0,"25":0,"26":1,"27":0,"28":0,"29":0,"30":0,"31":0,"32":0,"33":0,"34":0,"35":0,"36":0,"37":0,"38":0,"39":0,"40":0,"41":0,"42":0,"43":0,"44":0,"45":0,"46":1,"47":1,"48":0,"49":0,"50":0},"b":{"1":[1,0],"2":[0,0],"3":[0,0],"4":[0,0],"5":[0,0],"6":[0,0],"7":[0,0],"8":[0,0],"9":[0,0],"10":[0,0]},"f":{"1":0,"2":0,"3":0,"4":0,"5":0,"6":0,"7":0,"8":0,"9":0},"fnMap":{"1":{"name":"Protocol","line":11,"loc":{"start":{"line":11,"column":0},"end":{"line":11,"column":25}}},"2":{"name":"(anonymous_2)","line":24,"loc":{"start":{"line":24,"column":45},"end":{"line":24,"column":57}}},"3":{"name":"(anonymous_3)","line":30,"loc":{"start":{"line":30,"column":26},"end":{"line":30,"column":41}}},"4":{"name":"(anonymous_4)","line":34,"loc":{"start":{"line":34,"column":29},"end":{"line":34,"column":41}}},"5":{"name":"(anonymous_5)","line":39,"loc":{"start":{"line":39,"column":28},"end":{"line":39,"column":54}}},"6":{"name":"(anonymous_6)","line":57,"loc":{"start":{"line":57,"column":38},"end":{"line":57,"column":50}}},"7":{"name":"(anonymous_7)","line":68,"loc":{"start":{"line":68,"column":27},"end":{"line":68,"column":43}}},"8":{"name":"(anonymous_8)","line":70,"loc":{"start":{"line":70,"column":34},"end":{"line":70,"column":46}}},"9":{"name":"(anonymous_9)","line":71,"loc":{"start":{"line":71,"column":26},"end":{"line":71,"column":41}}}},"statementMap":{"1":{"start":{"line":1,"column":0},"end":{"line":1,"column":35}},"2":{"start":{"line":2,"column":0},"end":{"line":2,"column":47}},"3":{"start":{"line":3,"column":0},"end":{"line":3,"column":29}},"4":{"start":{"line":4,"column":0},"end":{"line":4,"column":33}},"5":{"start":{"line":5,"column":0},"end":{"line":5,"column":41}},"6":{"start":{"line":6,"column":0},"end":{"line":6,"column":67}},"7":{"start":{"line":8,"column":0},"end":{"line":8,"column":26}},"8":{"start":{"line":9,"column":0},"end":{"line":9,"column":27}},"9":{"start":{"line":11,"column":0},"end":{"line":28,"column":1}},"10":{"start":{"line":12,"column":4},"end":{"line":12,"column":20}},"11":{"start":{"line":13,"column":4},"end":{"line":13,"column":63}},"12":{"start":{"line":13,"column":37},"end":{"line":13,"column":63}},"13":{"start":{"line":14,"column":4},"end":{"line":14,"column":44}},"14":{"start":{"line":15,"column":4},"end":{"line":15,"column":25}},"15":{"start":{"line":15,"column":15},"end":{"line":15,"column":25}},"16":{"start":{"line":17,"column":4},"end":{"line":17,"column":20}},"17":{"start":{"line":18,"column":4},"end":{"line":21,"column":6}},"18":{"start":{"line":23,"column":4},"end":{"line":27,"column":5}},"19":{"start":{"line":24,"column":8},"end":{"line":26,"column":34}},"20":{"start":{"line":25,"column":12},"end":{"line":25,"column":39}},"21":{"start":{"line":30,"column":0},"end":{"line":32,"column":2}},"22":{"start":{"line":31,"column":4},"end":{"line":31,"column":19}},"23":{"start":{"line":34,"column":0},"end":{"line":37,"column":2}},"24":{"start":{"line":35,"column":4},"end":{"line":35,"column":42}},"25":{"start":{"line":36,"column":4},"end":{"line":36,"column":31}},"26":{"start":{"line":39,"column":0},"end":{"line":66,"column":2}},"27":{"start":{"line":40,"column":4},"end":{"line":40,"column":20}},"28":{"start":{"line":41,"column":4},"end":{"line":64,"column":5}},"29":{"start":{"line":42,"column":8},"end":{"line":42,"column":36}},"30":{"start":{"line":43,"column":8},"end":{"line":43,"column":46}},"31":{"start":{"line":45,"column":9},"end":{"line":64,"column":5}},"32":{"start":{"line":46,"column":8},"end":{"line":46,"column":38}},"33":{"start":{"line":47,"column":8},"end":{"line":47,"column":34}},"34":{"start":{"line":48,"column":8},"end":{"line":48,"column":40}},"35":{"start":{"line":50,"column":9},"end":{"line":64,"column":5}},"36":{"start":{"line":51,"column":8},"end":{"line":51,"column":34}},"37":{"start":{"line":53,"column":9},"end":{"line":64,"column":5}},"38":{"start":{"line":54,"column":8},"end":{"line":54,"column":31}},"39":{"start":{"line":55,"column":8},"end":{"line":60,"column":9}},"40":{"start":{"line":56,"column":12},"end":{"line":56,"column":39}},"41":{"start":{"line":57,"column":12},"end":{"line":59,"column":36}},"42":{"start":{"line":58,"column":16},"end":{"line":58,"column":37}},"43":{"start":{"line":62,"column":9},"end":{"line":64,"column":5}},"44":{"start":{"line":63,"column":8},"end":{"line":63,"column":28}},"45":{"start":{"line":65,"column":4},"end":{"line":65,"column":11}},"46":{"start":{"line":68,"column":0},"end":{"line":68,"column":46}},"47":{"start":{"line":70,"column":0},"end":{"line":75,"column":2}},"48":{"start":{"line":71,"column":4},"end":{"line":73,"column":7}},"49":{"start":{"line":72,"column":8},"end":{"line":72,"column":47}},"50":{"start":{"line":74,"column":4},"end":{"line":74,"column":53}}},"branchMap":{"1":{"line":6,"type":"cond-expr","locations":[{"start":{"line":6,"column":41},"end":{"line":6,"column":45}},{"start":{"line":6,"column":48},"end":{"line":6,"column":66}}]},"2":{"line":13,"type":"if","locations":[{"start":{"line":13,"column":4},"end":{"line":13,"column":4}},{"start":{"line":13,"column":4},"end":{"line":13,"column":4}}]},"3":{"line":15,"type":"if","locations":[{"start":{"line":15,"column":4},"end":{"line":15,"column":4}},{"start":{"line":15,"column":4},"end":{"line":15,"column":4}}]},"4":{"line":23,"type":"if","locations":[{"start":{"line":23,"column":4},"end":{"line":23,"column":4}},{"start":{"line":23,"column":4},"end":{"line":23,"column":4}}]},"5":{"line":41,"type":"if","locations":[{"start":{"line":41,"column":4},"end":{"line":41,"column":4}},{"start":{"line":41,"column":4},"end":{"line":41,"column":4}}]},"6":{"line":45,"type":"if","locations":[{"start":{"line":45,"column":9},"end":{"line":45,"column":9}},{"start":{"line":45,"column":9},"end":{"line":45,"column":9}}]},"7":{"line":50,"type":"if","locations":[{"start":{"line":50,"column":9},"end":{"line":50,"column":9}},{"start":{"line":50,"column":9},"end":{"line":50,"column":9}}]},"8":{"line":53,"type":"if","locations":[{"start":{"line":53,"column":9},"end":{"line":53,"column":9}},{"start":{"line":53,"column":9},"end":{"line":53,"column":9}}]},"9":{"line":55,"type":"if","locations":[{"start":{"line":55,"column":8},"end":{"line":55,"column":8}},{"start":{"line":55,"column":8},"end":{"line":55,"column":8}}]},"10":{"line":62,"type":"if","locations":[{"start":{"line":62,"column":9},"end":{"line":62,"column":9}},{"start":{"line":62,"column":9},"end":{"line":62,"column":9}}]}},"code":["var inherits = require('inherits');","var Duplex = require('readable-stream').Duplex;","var split = require('split');","var through = require('through');","var combine = require('stream-combiner');","var json = typeof JSON !== 'undefined' ? JSON : require('jsonify');","","module.exports = Protocol;","inherits(Protocol, Duplex);","","function Protocol (opts) {","    var self = this;","    if (!(self instanceof Protocol)) return new Protocol(opts);","    Duplex.call(self, { objectMode: true });","    if (!opts) opts = {};","    ","    self.known = {};","    self.timing = {","        heartbeat: opts.heartbeat,","        timeout: opts.timeout","    };","    ","    if (self.timing.heartbeat) {","        self.heartbeatInterval = setInterval(function () {","            self.send([ 'heartbeat' ]);","        }, self.timing.heartbeat);","    }","}","","Protocol.prototype.send = function (row) {","    this.push(row);","};","","Protocol.prototype.destroy = function () {","    clearInterval(this.heartbeatInterval);","    clearTimeout(this.timeout);","};","","Protocol.prototype._write = function (row, enc, next) {","    var self = this;","    if (row[0] === 'register') {","        this.known[row[1]] = row[2];","        this.emit('register', row[1], row[2]);","    }","    else if (row[0] === 'free') {","        var meta = this.known[row[1]];","        delete this.known[row[1]];","        this.emit('free', row[1], meta);","    }","    else if (row[0] === 'helo') {","        this.emit('helo', row[1]);","    }","    else if (row[0] === 'heartbeat') {","        this.emit('heartbeat');","        if (this.timing.timeout) {","            clearTimeout(this.timeout);","            this.timeout = setTimeout(function () {","                self.emit('timeout');","            }, this.timing.timeout);","        }","    }","    else if (row[0] === 'synced') {","        this.emit('synced');","    }","    next();","};","","Protocol.prototype._read = function (size) {};","","Protocol.prototype.createStream = function () {","    var unsplit = through(function (row) {","        this.queue(json.stringify(row) + '\\n');","    });","    return combine(split(json.parse), this, unsplit);","};",""],"l":{"1":1,"2":1,"3":1,"4":1,"5":1,"6":1,"8":1,"9":1,"11":1,"12":0,"13":0,"14":0,"15":0,"17":0,"18":0,"23":0,"24":0,"25":0,"30":1,"31":0,"34":1,"35":0,"36":0,"39":1,"40":0,"41":0,"42":0,"43":0,"45":0,"46":0,"47":0,"48":0,"50":0,"51":0,"53":0,"54":0,"55":0,"56":0,"57":0,"58":0,"62":0,"63":0,"65":0,"68":1,"70":1,"71":0,"72":0,"74":0}}}